[2024-08-08T06:03:09.419Z] app listening at http://localhost:8000
[2024-08-08T06:03:09.730Z] Connection has been established successfully.
[2024-08-08T06:04:16.833Z] [object Object]
[2024-08-08T06:07:36.188Z] [object Object]
[2024-08-08T06:07:49.708Z] 1
[2024-08-08T06:43:56.470Z] app listening at http://localhost:8000
[2024-08-08T06:43:56.701Z] Connection has been established successfully.
[2024-08-08T07:01:03.870Z] app listening at http://localhost:8000
[2024-08-08T07:01:04.098Z] Connection has been established successfully.
[2024-08-08T07:01:08.607Z] 22 5
[2024-08-08T07:01:29.878Z] 22 23
[2024-08-08T07:01:35.053Z] 22 22
[2024-08-08T07:02:10.281Z] 22 7
[2024-08-08T07:02:18.884Z] app listening at http://localhost:8000
[2024-08-08T07:02:19.103Z] Connection has been established successfully.
[2024-08-08T07:02:20.502Z] 22 6
[2024-08-08T07:02:20.503Z] ReferenceError: Op is not defined
[2024-08-08T07:02:29.422Z] app listening at http://localhost:8000
[2024-08-08T07:02:29.706Z] Connection has been established successfully.
[2024-08-08T07:02:33.265Z] 22 3
[2024-08-08T07:02:33.289Z] SequelizeEagerLoadingError: ChatFile is not associated to Chats!
[2024-08-08T07:05:04.529Z] app listening at http://localhost:8000
[2024-08-08T07:05:04.745Z] Connection has been established successfully.
[2024-08-08T07:05:12.677Z] app listening at http://localhost:8000
[2024-08-08T07:05:12.906Z] Connection has been established successfully.
[2024-08-08T07:06:11.432Z] app listening at http://localhost:8000
[2024-08-08T07:06:11.773Z] Connection has been established successfully.
[2024-08-08T07:06:25.239Z] app listening at http://localhost:8000
[2024-08-08T07:06:25.535Z] Connection has been established successfully.
[2024-08-08T07:07:11.195Z] app listening at http://localhost:8000
[2024-08-08T07:07:11.438Z] Connection has been established successfully.
[2024-08-08T07:07:17.840Z] 22 null
[2024-08-08T07:07:18.017Z] SequelizeDatabaseError: Table 'tailorg_fitbit.chat_files' doesn't exist
[2024-08-08T07:07:18.104Z] 22 2
[2024-08-08T07:07:18.145Z] SequelizeDatabaseError: Table 'tailorg_fitbit.chat_files' doesn't exist
[2024-08-08T07:07:22.926Z] 22 6
[2024-08-08T07:07:22.996Z] SequelizeDatabaseError: Table 'tailorg_fitbit.chat_files' doesn't exist
[2024-08-08T07:07:24.846Z] 22 8
[2024-08-08T07:07:24.916Z] SequelizeDatabaseError: Table 'tailorg_fitbit.chat_files' doesn't exist
[2024-08-08T07:07:46.942Z] app listening at http://localhost:8000
[2024-08-08T07:07:47.317Z] Connection has been established successfully.
[2024-08-08T07:07:48.224Z] 22 5
[2024-08-08T07:07:48.333Z] SequelizeDatabaseError: Table 'tailorg_fitbit.chat_file' doesn't exist
[2024-08-08T07:07:50.512Z] 22 3
[2024-08-08T07:07:50.556Z] SequelizeDatabaseError: Table 'tailorg_fitbit.chat_file' doesn't exist
[2024-08-08T07:11:05.362Z] app listening at http://localhost:8000
[2024-08-08T07:11:05.580Z] Connection has been established successfully.
[2024-08-08T07:11:18.442Z] app listening at http://localhost:8000
[2024-08-08T07:11:18.672Z] Connection has been established successfully.
[2024-08-08T07:11:29.470Z] 22 2
[2024-08-08T07:11:29.642Z] SequelizeDatabaseError: Unknown column 'Chats.created_at' in 'field list'
[2024-08-08T07:12:36.639Z] app listening at http://localhost:8000
[2024-08-08T07:12:37.001Z] Connection has been established successfully.
[2024-08-08T07:12:57.343Z] app listening at http://localhost:8000
[2024-08-08T07:12:57.569Z] Connection has been established successfully.
[2024-08-08T07:14:10.160Z] app listening at http://localhost:8000
[2024-08-08T07:14:10.527Z] Connection has been established successfully.
[2024-08-08T07:14:11.937Z] 22 5
[2024-08-08T07:14:42.796Z] 22 5
[2024-08-08T07:14:42.955Z] 22 2
[2024-08-08T07:14:46.388Z] 22 5
[2024-08-08T07:14:47.645Z] 22 6
[2024-08-08T07:14:51.179Z] 22 6
[2024-08-08T07:14:51.265Z] 22 2
[2024-08-08T07:20:02.120Z] 22 2
[2024-08-08T07:20:08.446Z] 22 3
[2024-08-08T07:20:09.710Z] 22 2
[2024-08-08T07:20:12.809Z] 22 24
[2024-08-08T07:20:19.114Z] 22 null
[2024-08-08T07:20:19.507Z] 22 2
[2024-08-08T07:20:24.807Z] 22 24
[2024-08-08T07:21:14.764Z] 22 24
[2024-08-08T07:21:15.085Z] 22 2
[2024-08-08T07:21:17.419Z] 22 24
[2024-08-08T07:21:23.184Z] 22 null
[2024-08-08T07:21:23.487Z] 22 2
[2024-08-08T07:21:35.125Z] 22 null
[2024-08-08T07:21:35.329Z] 22 2
[2024-08-08T07:22:04.259Z] app listening at http://localhost:8000
[2024-08-08T07:22:04.470Z] Connection has been established successfully.
[2024-08-08T07:22:13.307Z] 22 null
[2024-08-08T07:22:13.517Z] 22 2
[2024-08-08T07:22:55.876Z] app listening at http://localhost:8000
[2024-08-08T07:22:56.240Z] Connection has been established successfully.
[2024-08-08T07:23:08.814Z] app listening at http://localhost:8000
[2024-08-08T07:23:09.085Z] Connection has been established successfully.
[2024-08-08T07:23:15.624Z] 22 null
[2024-08-08T07:23:15.904Z] 22 2
[2024-08-08T07:24:59.643Z] 22 2
[2024-08-08T07:25:02.855Z] 22 3
[2024-08-08T07:25:04.748Z] 22 5
[2024-08-08T07:25:06.146Z] 22 6
[2024-08-08T07:25:28.955Z] 22 2
[2024-08-08T07:25:30.219Z] 22 3
[2024-08-08T07:25:32.084Z] 22 5
[2024-08-08T07:25:33.433Z] 22 6
[2024-08-08T07:25:34.699Z] 22 7
[2024-08-08T07:25:36.608Z] 22 8
[2024-08-08T07:25:48.704Z] 22 8
[2024-08-08T07:25:48.881Z] 22 2
[2024-08-08T07:25:50.207Z] 22 3
[2024-08-08T07:25:51.585Z] 22 5
[2024-08-08T07:25:52.395Z] 22 6
[2024-08-08T07:25:53.293Z] 22 7
[2024-08-08T07:26:02.082Z] 22 5
[2024-08-08T07:26:07.512Z] 22 null
[2024-08-08T07:26:07.717Z] 22 2
[2024-08-08T07:27:20.695Z] 22 2
[2024-08-08T07:27:25.287Z] #################33
[2024-08-08T07:27:25.288Z] 22 2  ddd
[2024-08-08T07:27:25.289Z] #################33
[2024-08-08T07:27:32.907Z] #################33
[2024-08-08T07:27:32.910Z] 22 2  ddd
[2024-08-08T07:27:32.913Z] #################33
[2024-08-08T07:28:06.612Z] 22 null
[2024-08-08T07:28:06.851Z] 22 2
[2024-08-08T07:28:51.474Z] 22 2
[2024-08-08T07:29:08.414Z] 22 2
[2024-08-08T07:29:13.235Z] 22 null
[2024-08-08T07:29:13.481Z] 22 2
[2024-08-08T07:29:21.614Z] #################33
[2024-08-08T07:29:21.614Z] 22 2  ddd
[2024-08-08T07:29:21.615Z] #################33
[2024-08-08T07:30:41.163Z] app listening at http://localhost:8000
[2024-08-08T07:30:41.379Z] Connection has been established successfully.
[2024-08-08T07:30:44.979Z] 22 2
[2024-08-08T07:31:54.546Z] 22 23
[2024-08-08T07:31:58.368Z] 22 23
[2024-08-08T07:32:02.984Z] 22 23
[2024-08-08T07:32:32.653Z] 23 null
[2024-08-08T07:32:32.793Z] 23 2
[2024-08-08T07:32:35.571Z] 23 22
[2024-08-08T07:32:41.718Z] 23 22
[2024-08-08T07:33:21.334Z] 23 22
[2024-08-08T07:33:45.542Z] 23 22
[2024-08-08T07:33:48.429Z] 23 2
[2024-08-08T07:33:51.489Z] 23 7
[2024-08-08T07:33:53.427Z] 23 22
[2024-08-08T07:33:54.761Z] 23 23
[2024-08-08T07:33:57.199Z] 23 22
[2024-08-08T07:34:26.982Z] 23 22
[2024-08-08T07:34:27.143Z] 23 2
[2024-08-08T07:34:49.665Z] 23 2
[2024-08-08T07:34:54.758Z] 23 22
[2024-08-08T07:35:33.086Z] 23 17
[2024-08-08T07:35:34.179Z] 23 22
[2024-08-08T08:01:50.893Z] 23 22
[2024-08-08T08:01:51.202Z] 23 2
[2024-08-08T08:01:54.817Z] 23 24
[2024-08-08T08:01:58.199Z] 23 22
[2024-08-08T08:02:42.544Z] 23 22
[2024-08-08T08:02:42.789Z] 23 2
[2024-08-08T08:02:46.119Z] 23 22
[2024-08-08T08:02:58.989Z] 23 22
[2024-08-08T08:02:59.133Z] 23 2
[2024-08-08T08:03:00.925Z] 23 22
[2024-08-08T08:03:58.075Z] 23 22
[2024-08-08T08:03:58.204Z] 23 2
[2024-08-08T08:04:00.778Z] 23 22
[2024-08-08T08:04:07.687Z] 23 22
[2024-08-08T08:04:16.925Z] 23 22
[2024-08-08T08:04:17.085Z] 23 2
[2024-08-08T08:04:19.113Z] 23 22
[2024-08-08T08:04:26.267Z] 23 22
[2024-08-08T08:04:33.324Z] [object Object]
[2024-08-08T08:04:36.481Z] 22 null
[2024-08-08T08:04:36.633Z] 22 2
[2024-08-08T08:04:38.812Z] 22 23
[2024-08-08T08:46:55.410Z] 22 null
[2024-08-08T08:46:55.933Z] 22 2
[2024-08-08T08:46:59.104Z] 22 22
[2024-08-08T08:47:02.046Z] 22 23
[2024-08-08T08:47:28.126Z] 22 null
[2024-08-08T08:47:28.470Z] 22 2
[2024-08-08T08:47:31.257Z] 22 22
[2024-08-08T08:47:32.741Z] 22 23
[2024-08-08T08:47:52.193Z] 22 null
[2024-08-08T08:47:52.355Z] 22 2
[2024-08-08T08:47:54.440Z] 22 23
[2024-08-08T08:48:08.648Z] 22 23
[2024-08-08T08:48:16.996Z] 22 null
[2024-08-08T08:48:17.130Z] 22 2
[2024-08-08T08:48:19.322Z] 22 23
[2024-08-08T08:48:26.472Z] 22 22
[2024-08-08T08:48:27.463Z] 22 23
[2024-08-08T08:48:31.854Z] 22 22
[2024-08-08T08:48:32.752Z] 22 23
[2024-08-08T08:48:45.569Z] 22 23
[2024-08-08T08:48:45.712Z] 22 2
[2024-08-08T08:48:48.860Z] 22 23
[2024-08-08T08:49:19.192Z] 22 23
[2024-08-08T08:49:19.289Z] 22 23
[2024-08-08T08:49:19.409Z] 22 2
[2024-08-08T08:49:21.111Z] 22 22
[2024-08-08T08:49:22.434Z] 22 23
[2024-08-08T08:49:41.621Z] 22 23
[2024-08-08T08:49:41.736Z] 22 2
[2024-08-08T08:49:44.502Z] 22 22
[2024-08-08T08:49:45.332Z] 22 23
[2024-08-08T08:49:56.187Z] 22 23
[2024-08-08T08:49:56.313Z] 22 2
[2024-08-08T08:49:58.777Z] 22 22
[2024-08-08T08:50:00.784Z] 22 23
[2024-08-08T08:50:13.812Z] 22 23
[2024-08-08T08:50:13.960Z] 22 2
[2024-08-08T08:50:17.116Z] 22 22
[2024-08-08T08:50:18.618Z] 22 23
[2024-08-08T08:51:16.101Z] 22 23
[2024-08-08T08:51:16.250Z] 22 2
[2024-08-08T08:51:18.308Z] 22 5
[2024-08-08T08:51:19.410Z] 22 6
[2024-08-08T08:51:20.969Z] 22 22
[2024-08-08T08:51:21.997Z] 22 23
[2024-08-08T08:52:27.752Z] 22 23
[2024-08-08T08:52:27.894Z] 22 2
[2024-08-08T08:52:49.935Z] 22 2
[2024-08-08T08:53:05.869Z] 22 2
[2024-08-08T08:53:41.240Z] 22 2
[2024-08-08T08:54:36.200Z] 22 2
[2024-08-08T08:54:42.795Z] 22 2
[2024-08-08T08:54:47.259Z] 22 2
[2024-08-08T08:54:59.564Z] 22 2
[2024-08-08T08:59:25.568Z] 22 null
[2024-08-08T08:59:25.768Z] 22 2
[2024-08-08T09:00:02.398Z] 22 null
[2024-08-08T09:00:02.647Z] 22 2
[2024-08-08T09:01:20.893Z] 22 2
[2024-08-08T09:01:24.516Z] 22 2
[2024-08-08T09:01:58.357Z] 22 2
[2024-08-08T09:02:05.270Z] 22 2
[2024-08-08T09:02:12.361Z] 22 2
[2024-08-08T09:02:39.812Z] 22 2
[2024-08-08T09:02:43.394Z] 22 2
[2024-08-08T09:02:46.612Z] 22 2
[2024-08-08T09:02:59.251Z] 22 2
[2024-08-08T09:03:29.586Z] 22 23
[2024-08-08T09:03:56.868Z] 22 23
[2024-08-08T09:06:17.944Z] 22 null
[2024-08-08T09:06:18.098Z] 22 2
[2024-08-08T09:06:21.033Z] 22 22
[2024-08-08T09:06:22.904Z] 22 23
[2024-08-08T09:06:47.448Z] 22 23
[2024-08-08T09:06:47.686Z] 22 2
[2024-08-08T09:06:54.400Z] 22 14
[2024-08-08T09:06:59.298Z] 22 22
[2024-08-08T09:11:54.571Z] 22 22
[2024-08-08T09:11:54.984Z] 22 2
[2024-08-08T09:12:39.740Z] 22 2
[2024-08-08T09:12:47.475Z] 22 22
[2024-08-08T09:12:48.676Z] 22 23
[2024-08-08T09:13:10.672Z] 22 23
[2024-08-08T09:13:10.857Z] 22 2
[2024-08-08T09:13:28.045Z] 22 2
[2024-08-08T09:14:01.551Z] 22 2
[2024-08-08T09:14:51.481Z] 22 2
[2024-08-08T09:15:11.448Z] 22 2
[2024-08-08T09:15:51.720Z] 22 17
[2024-08-08T09:15:53.146Z] 22 23
[2024-08-08T09:16:35.828Z] 22 23
[2024-08-08T09:16:35.984Z] 22 2
[2024-08-08T09:16:43.843Z] 22 2
[2024-08-08T09:16:46.607Z] 22 23
[2024-08-08T09:16:55.083Z] 22 23
[2024-08-08T09:16:55.213Z] 22 2
[2024-08-08T09:18:32.710Z] 22 null
[2024-08-08T09:18:32.895Z] 22 2
[2024-08-08T09:18:34.938Z] 22 17
[2024-08-08T09:18:36.322Z] 22 22
[2024-08-08T09:18:40.229Z] 22 17
[2024-08-08T09:18:41.342Z] 22 22
[2024-08-08T09:18:42.068Z] 22 23
[2024-08-08T09:18:43.231Z] 22 22
[2024-08-08T09:18:44.337Z] 22 23
[2024-08-08T09:21:01.423Z] 22 23
[2024-08-08T09:21:01.572Z] 22 2
[2024-08-08T09:21:44.442Z] 22 null
[2024-08-08T09:21:44.553Z] 22 2
[2024-08-08T09:22:01.506Z] 22 2
[2024-08-08T09:22:04.751Z] 22 7
[2024-08-08T09:22:05.869Z] 22 10
[2024-08-08T09:22:09.341Z] 22 23
[2024-08-08T09:22:20.461Z] 22 2
[2024-08-08T09:22:20.949Z] 22 10
[2024-08-08T09:22:22.964Z] 22 null
[2024-08-08T09:22:23.087Z] 22 2
[2024-08-08T09:22:24.807Z] 22 8
[2024-08-08T09:22:25.838Z] 22 10
[2024-08-08T09:22:26.665Z] 22 17
[2024-08-08T09:22:27.751Z] 22 23
[2024-08-08T09:22:34.508Z] 22 null
[2024-08-08T09:22:34.573Z] 22 2
[2024-08-08T09:22:36.296Z] 22 7
[2024-08-08T09:22:46.006Z] 22 7
[2024-08-08T09:22:46.103Z] 22 2
[2024-08-08T09:22:46.445Z] 22 2
[2024-08-08T09:22:47.721Z] 22 null
[2024-08-08T09:22:47.788Z] 22 2
[2024-08-08T09:22:48.623Z] 22 7
[2024-08-08T09:22:49.592Z] 22 8
[2024-08-08T09:22:50.321Z] 22 10
[2024-08-08T09:22:51.068Z] 22 14
[2024-08-08T09:22:51.680Z] 22 17
[2024-08-08T09:22:53.068Z] 22 23
[2024-08-08T09:23:19.906Z] 22 23
[2024-08-08T09:23:20.111Z] 22 2
[2024-08-08T09:23:20.419Z] 22 2
[2024-08-08T09:23:22.339Z] 22 23
[2024-08-08T09:23:24.575Z] 22 null
[2024-08-08T09:23:24.636Z] 22 2
[2024-08-08T09:23:26.504Z] 22 22
[2024-08-08T09:23:27.140Z] 22 23
[2024-08-08T09:23:35.488Z] 22 23
[2024-08-08T09:23:35.548Z] 22 2
[2024-08-08T09:23:36.450Z] 22 2
[2024-08-08T09:23:36.976Z] 22 17
[2024-08-08T09:23:38.439Z] 22 23
[2024-08-08T09:23:49.910Z] 22 23
[2024-08-08T09:23:50.118Z] 22 2
[2024-08-08T09:23:50.434Z] 22 2
[2024-08-08T09:23:52.241Z] 22 22
[2024-08-08T09:23:53.047Z] 22 23
[2024-08-08T09:24:04.461Z] 22 null
[2024-08-08T09:24:04.620Z] 22 2
[2024-08-08T09:24:17.267Z] 22 2
[2024-08-08T09:24:17.439Z] 22 2
[2024-08-08T09:24:19.588Z] 22 null
[2024-08-08T09:24:19.679Z] 22 2
[2024-08-08T09:24:42.133Z] 22 2
[2024-08-08T09:24:42.423Z] 22 2
[2024-08-08T09:24:49.410Z] 22 null
[2024-08-08T09:24:49.491Z] 22 2
[2024-08-08T09:24:50.759Z] 22 17
[2024-08-08T09:24:51.694Z] 22 23
[2024-08-08T09:25:01.590Z] 22 23
[2024-08-08T09:25:01.683Z] 22 2
[2024-08-08T09:25:02.403Z] 22 2
[2024-08-08T09:25:09.454Z] 22 2
[2024-08-08T09:25:10.418Z] 22 2
[2024-08-08T09:25:28.483Z] 22 2
[2024-08-08T09:25:29.437Z] 22 2
[2024-08-08T09:25:32.151Z] 22 2
[2024-08-08T09:25:32.418Z] 22 2
[2024-08-08T09:26:58.406Z] 22 2
[2024-08-08T09:26:58.609Z] 22 2
[2024-08-08T09:26:58.675Z] 22 2
[2024-08-08T09:26:58.789Z] 22 2
[2024-08-08T09:26:58.851Z] 22 2
[2024-08-08T09:26:58.899Z] 22 2
[2024-08-08T09:26:58.944Z] 22 2
[2024-08-08T09:26:58.989Z] 22 2
[2024-08-08T09:26:59.035Z] 22 2
[2024-08-08T09:26:59.082Z] 22 2
[2024-08-08T09:26:59.149Z] 22 2
[2024-08-08T09:26:59.213Z] 22 2
[2024-08-08T09:26:59.313Z] 22 2
[2024-08-08T09:26:59.430Z] 22 2
[2024-08-08T09:26:59.509Z] 22 2
[2024-08-08T09:26:59.575Z] 22 2
[2024-08-08T09:26:59.639Z] 22 2
[2024-08-08T09:26:59.715Z] 22 2
[2024-08-08T09:26:59.789Z] 22 2
[2024-08-08T09:26:59.853Z] 22 2
[2024-08-08T09:26:59.912Z] 22 2
[2024-08-08T09:26:59.965Z] 22 2
[2024-08-08T09:27:00.026Z] 22 2
[2024-08-08T09:27:00.072Z] 22 2
[2024-08-08T09:27:00.119Z] 22 2
[2024-08-08T09:27:00.169Z] 22 2
[2024-08-08T09:27:00.215Z] 22 2
[2024-08-08T09:27:00.261Z] 22 2
[2024-08-08T09:27:00.315Z] 22 2
[2024-08-08T09:27:00.367Z] 22 2
[2024-08-08T09:27:00.424Z] 22 2
[2024-08-08T09:27:00.487Z] 22 2
[2024-08-08T09:27:00.559Z] 22 2
[2024-08-08T09:27:00.613Z] 22 2
[2024-08-08T09:27:00.657Z] 22 2
[2024-08-08T09:27:00.702Z] 22 2
[2024-08-08T09:27:00.745Z] 22 2
[2024-08-08T09:27:00.798Z] 22 2
[2024-08-08T09:27:00.858Z] 22 2
[2024-08-08T09:27:00.993Z] 22 2
[2024-08-08T09:27:01.046Z] 22 2
[2024-08-08T09:27:01.090Z] 22 2
[2024-08-08T09:27:01.133Z] 22 2
[2024-08-08T09:27:01.179Z] 22 2
[2024-08-08T09:27:01.232Z] 22 2
[2024-08-08T09:27:01.282Z] 22 2
[2024-08-08T09:27:01.335Z] 22 2
[2024-08-08T09:27:01.390Z] 22 2
[2024-08-08T09:27:01.441Z] 22 2
[2024-08-08T09:27:01.509Z] 22 2
[2024-08-08T09:27:01.561Z] 22 2
[2024-08-08T09:27:01.606Z] 22 2
[2024-08-08T09:27:01.654Z] 22 2
[2024-08-08T09:27:01.721Z] 22 2
[2024-08-08T09:27:01.778Z] 22 2
[2024-08-08T09:27:01.830Z] 22 2
[2024-08-08T09:27:01.873Z] 22 2
[2024-08-08T09:27:01.918Z] 22 2
[2024-08-08T09:27:01.962Z] 22 2
[2024-08-08T09:27:02.006Z] 22 2
[2024-08-08T09:27:02.071Z] 22 2
[2024-08-08T09:27:02.146Z] 22 2
[2024-08-08T09:27:02.198Z] 22 2
[2024-08-08T09:27:02.242Z] 22 2
[2024-08-08T09:27:02.296Z] 22 2
[2024-08-08T09:27:02.348Z] 22 2
[2024-08-08T09:27:02.399Z] 22 2
[2024-08-08T09:27:02.452Z] 22 2
[2024-08-08T09:27:02.513Z] 22 2
[2024-08-08T09:27:02.590Z] 22 2
[2024-08-08T09:27:02.669Z] 22 2
[2024-08-08T09:27:02.753Z] 22 2
[2024-08-08T09:27:02.808Z] 22 2
[2024-08-08T09:27:02.853Z] 22 2
[2024-08-08T09:27:02.910Z] 22 2
[2024-08-08T09:27:02.978Z] 22 2
[2024-08-08T09:27:03.043Z] 22 2
[2024-08-08T09:27:03.105Z] 22 2
[2024-08-08T09:27:03.187Z] 22 2
[2024-08-08T09:27:03.287Z] 22 2
[2024-08-08T09:27:03.377Z] 22 2
[2024-08-08T09:27:03.474Z] 22 2
[2024-08-08T09:27:03.576Z] 22 2
[2024-08-08T09:27:03.671Z] 22 2
[2024-08-08T09:27:03.770Z] 22 2
[2024-08-08T09:27:03.877Z] 22 2
[2024-08-08T09:27:03.970Z] 22 2
[2024-08-08T09:27:04.048Z] 22 2
[2024-08-08T09:27:04.118Z] 22 2
[2024-08-08T09:27:04.188Z] 22 2
[2024-08-08T09:27:04.277Z] 22 2
[2024-08-08T09:27:04.329Z] 22 2
[2024-08-08T09:27:04.386Z] 22 2
[2024-08-08T09:27:04.441Z] 22 2
[2024-08-08T09:27:04.502Z] 22 2
[2024-08-08T09:27:04.551Z] 22 2
[2024-08-08T09:27:04.601Z] 22 2
[2024-08-08T09:27:04.647Z] 22 2
[2024-08-08T09:27:04.699Z] 22 2
[2024-08-08T09:27:04.756Z] 22 2
[2024-08-08T09:27:04.839Z] 22 2
[2024-08-08T09:27:04.936Z] 22 2
[2024-08-08T09:27:04.982Z] 22 2
[2024-08-08T09:27:05.023Z] 22 2
[2024-08-08T09:27:05.098Z] 22 2
[2024-08-08T09:27:05.189Z] 22 2
[2024-08-08T09:27:05.272Z] 22 2
[2024-08-08T09:27:05.349Z] 22 2
[2024-08-08T09:27:05.428Z] 22 2
[2024-08-08T09:27:05.530Z] 22 2
[2024-08-08T09:27:05.602Z] 22 2
[2024-08-08T09:27:05.656Z] 22 2
[2024-08-08T09:27:05.731Z] 22 2
[2024-08-08T09:27:05.814Z] 22 2
[2024-08-08T09:27:05.885Z] 22 2
[2024-08-08T09:27:05.943Z] 22 2
[2024-08-08T09:27:05.988Z] 22 2
[2024-08-08T09:27:06.035Z] 22 2
[2024-08-08T09:27:06.080Z] 22 2
[2024-08-08T09:27:06.127Z] 22 2
[2024-08-08T09:27:06.189Z] 22 2
[2024-08-08T09:27:06.252Z] 22 2
[2024-08-08T09:27:06.321Z] 22 2
[2024-08-08T09:27:06.386Z] 22 2
[2024-08-08T09:27:06.443Z] 22 2
[2024-08-08T09:27:06.494Z] 22 2
[2024-08-08T09:27:06.546Z] 22 2
[2024-08-08T09:27:06.608Z] 22 2
[2024-08-08T09:27:06.669Z] 22 2
[2024-08-08T09:27:06.716Z] 22 2
[2024-08-08T09:27:06.769Z] 22 2
[2024-08-08T09:27:06.825Z] 22 2
[2024-08-08T09:27:06.880Z] 22 2
[2024-08-08T09:27:06.935Z] 22 2
[2024-08-08T09:27:06.987Z] 22 2
[2024-08-08T09:27:07.035Z] 22 2
[2024-08-08T09:27:07.081Z] 22 2
[2024-08-08T09:27:07.128Z] 22 2
[2024-08-08T09:27:07.171Z] 22 2
[2024-08-08T09:27:07.214Z] 22 2
[2024-08-08T09:27:07.257Z] 22 2
[2024-08-08T09:27:07.299Z] 22 2
[2024-08-08T09:27:07.346Z] 22 2
[2024-08-08T09:27:07.392Z] 22 2
[2024-08-08T09:27:07.436Z] 22 2
[2024-08-08T09:27:07.483Z] 22 2
[2024-08-08T09:27:07.526Z] 22 2
[2024-08-08T09:27:07.570Z] 22 2
[2024-08-08T09:27:07.630Z] 22 2
[2024-08-08T09:27:07.677Z] 22 2
[2024-08-08T09:27:07.724Z] 22 2
[2024-08-08T09:27:07.778Z] 22 2
[2024-08-08T09:27:07.858Z] 22 2
[2024-08-08T09:27:07.922Z] 22 2
[2024-08-08T09:27:08.013Z] 22 2
[2024-08-08T09:27:08.069Z] 22 2
[2024-08-08T09:27:08.112Z] 22 2
[2024-08-08T09:27:08.162Z] 22 2
[2024-08-08T09:27:08.217Z] 22 2
[2024-08-08T09:27:08.260Z] 22 2
[2024-08-08T09:27:08.305Z] 22 2
[2024-08-08T09:27:08.384Z] 22 2
[2024-08-08T09:27:08.435Z] 22 2
[2024-08-08T09:27:08.491Z] 22 2
[2024-08-08T09:27:08.551Z] 22 2
[2024-08-08T09:27:08.601Z] 22 2
[2024-08-08T09:27:08.651Z] 22 2
[2024-08-08T09:27:08.698Z] 22 2
[2024-08-08T09:27:08.741Z] 22 2
[2024-08-08T09:27:08.787Z] 22 2
[2024-08-08T09:27:08.831Z] 22 2
[2024-08-08T09:27:08.882Z] 22 2
[2024-08-08T09:27:08.933Z] 22 2
[2024-08-08T09:27:08.992Z] 22 2
[2024-08-08T09:27:09.039Z] 22 2
[2024-08-08T09:27:09.085Z] 22 2
[2024-08-08T09:27:09.129Z] 22 2
[2024-08-08T09:27:09.187Z] 22 2
[2024-08-08T09:27:09.250Z] 22 2
[2024-08-08T09:27:09.298Z] 22 2
[2024-08-08T09:27:09.346Z] 22 2
[2024-08-08T09:27:09.388Z] 22 2
[2024-08-08T09:27:09.430Z] 22 2
[2024-08-08T09:27:09.480Z] 22 2
[2024-08-08T09:27:09.527Z] 22 2
[2024-08-08T09:27:09.580Z] 22 2
[2024-08-08T09:27:09.643Z] 22 2
[2024-08-08T09:27:09.697Z] 22 2
[2024-08-08T09:27:09.741Z] 22 2
[2024-08-08T09:27:09.788Z] 22 2
[2024-08-08T09:27:09.859Z] 22 2
[2024-08-08T09:27:09.950Z] 22 2
[2024-08-08T09:27:10.020Z] 22 2
[2024-08-08T09:27:10.067Z] 22 2
[2024-08-08T09:27:10.111Z] 22 2
[2024-08-08T09:27:10.156Z] 22 2
[2024-08-08T09:27:10.202Z] 22 2
[2024-08-08T09:27:10.258Z] 22 2
[2024-08-08T09:27:10.303Z] 22 2
[2024-08-08T09:27:10.348Z] 22 2
[2024-08-08T09:27:10.396Z] 22 2
[2024-08-08T09:27:10.489Z] 22 2
[2024-08-08T09:27:10.543Z] 22 2
[2024-08-08T09:27:10.593Z] 22 2
[2024-08-08T09:27:10.652Z] 22 2
[2024-08-08T09:27:10.704Z] 22 2
[2024-08-08T09:27:10.757Z] 22 2
[2024-08-08T09:27:10.809Z] 22 2
[2024-08-08T09:27:10.871Z] 22 2
[2024-08-08T09:27:10.937Z] 22 2
[2024-08-08T09:27:10.997Z] 22 2
[2024-08-08T09:27:11.056Z] 22 2
[2024-08-08T09:27:11.139Z] 22 2
[2024-08-08T09:27:11.194Z] 22 2
[2024-08-08T09:27:11.260Z] 22 2
[2024-08-08T09:27:11.321Z] 22 2
[2024-08-08T09:27:11.374Z] 22 2
[2024-08-08T09:27:11.420Z] 22 2
[2024-08-08T09:27:11.473Z] 22 2
[2024-08-08T09:27:11.536Z] 22 2
[2024-08-08T09:27:11.603Z] 22 2
[2024-08-08T09:27:11.676Z] 22 2
[2024-08-08T09:27:11.738Z] 22 2
[2024-08-08T09:27:11.801Z] 22 2
[2024-08-08T09:27:11.865Z] 22 2
[2024-08-08T09:27:11.935Z] 22 2
[2024-08-08T09:27:12.001Z] 22 2
[2024-08-08T09:27:12.065Z] 22 2
[2024-08-08T09:27:12.130Z] 22 2
[2024-08-08T09:27:12.196Z] 22 2
[2024-08-08T09:27:12.252Z] 22 2
[2024-08-08T09:27:12.308Z] 22 2
[2024-08-08T09:27:12.367Z] 22 2
[2024-08-08T09:27:12.428Z] 22 2
[2024-08-08T09:27:12.495Z] 22 2
[2024-08-08T09:27:12.555Z] 22 2
[2024-08-08T09:27:12.629Z] 22 2
[2024-08-08T09:27:12.957Z] 22 2
[2024-08-08T09:27:13.024Z] 22 2
[2024-08-08T09:27:13.081Z] 22 2
[2024-08-08T09:27:13.158Z] 22 2
[2024-08-08T09:27:13.216Z] 22 2
[2024-08-08T09:27:13.270Z] 22 2
[2024-08-08T09:27:13.328Z] 22 2
[2024-08-08T09:27:13.443Z] 22 2
[2024-08-08T09:27:13.523Z] 22 2
[2024-08-08T09:27:13.577Z] 22 2
[2024-08-08T09:27:13.619Z] 22 2
[2024-08-08T09:27:13.706Z] 22 2
[2024-08-08T09:27:13.772Z] 22 2
[2024-08-08T09:27:13.830Z] 22 2
[2024-08-08T09:27:13.886Z] 22 2
[2024-08-08T09:27:13.963Z] 22 2
[2024-08-08T09:27:14.034Z] 22 2
[2024-08-08T09:27:14.080Z] 22 2
[2024-08-08T09:27:14.123Z] 22 2
[2024-08-08T09:27:14.170Z] 22 2
[2024-08-08T09:27:14.228Z] 22 2
[2024-08-08T09:27:14.310Z] 22 2
[2024-08-08T09:27:14.394Z] 22 2
[2024-08-08T09:27:14.458Z] 22 2
[2024-08-08T09:27:14.518Z] 22 2
[2024-08-08T09:27:14.583Z] 22 2
[2024-08-08T09:27:14.669Z] 22 2
[2024-08-08T09:27:14.815Z] 22 2
[2024-08-08T09:27:14.877Z] 22 2
[2024-08-08T09:27:14.933Z] 22 2
[2024-08-08T09:27:14.978Z] 22 2
[2024-08-08T09:27:15.023Z] 22 2
[2024-08-08T09:27:15.077Z] 22 2
[2024-08-08T09:27:15.126Z] 22 2
[2024-08-08T09:27:15.174Z] 22 2
[2024-08-08T09:27:15.220Z] 22 2
[2024-08-08T09:27:15.279Z] 22 2
[2024-08-08T09:27:15.341Z] 22 2
[2024-08-08T09:27:15.408Z] 22 2
[2024-08-08T09:27:15.459Z] 22 2
[2024-08-08T09:27:15.514Z] 22 2
[2024-08-08T09:27:15.574Z] 22 2
[2024-08-08T09:27:15.676Z] 22 2
[2024-08-08T09:27:15.746Z] 22 2
[2024-08-08T09:27:15.801Z] 22 2
[2024-08-08T09:27:15.846Z] 22 2
[2024-08-08T09:27:15.894Z] 22 2
[2024-08-08T09:27:15.954Z] 22 2
[2024-08-08T09:27:16.014Z] 22 2
[2024-08-08T09:27:16.075Z] 22 2
[2024-08-08T09:27:16.145Z] 22 2
[2024-08-08T09:27:16.196Z] 22 2
[2024-08-08T09:27:16.249Z] 22 2
[2024-08-08T09:27:16.308Z] 22 2
[2024-08-08T09:27:16.387Z] 22 2
[2024-08-08T09:27:16.454Z] 22 2
[2024-08-08T09:27:16.510Z] 22 2
[2024-08-08T09:27:16.587Z] 22 2
[2024-08-08T09:27:16.667Z] 22 2
[2024-08-08T09:27:16.725Z] 22 2
[2024-08-08T09:27:16.775Z] 22 2
[2024-08-08T09:27:16.824Z] 22 2
[2024-08-08T09:27:16.877Z] 22 2
[2024-08-08T09:27:16.929Z] 22 2
[2024-08-08T09:27:16.993Z] 22 2
[2024-08-08T09:27:17.094Z] 22 2
[2024-08-08T09:27:17.147Z] 22 2
[2024-08-08T09:27:17.194Z] 22 2
[2024-08-08T09:27:17.255Z] 22 2
[2024-08-08T09:27:17.310Z] 22 2
[2024-08-08T09:27:17.367Z] 22 2
[2024-08-08T09:27:17.428Z] 22 2
[2024-08-08T09:27:17.484Z] 22 2
[2024-08-08T09:27:17.543Z] 22 2
[2024-08-08T09:27:17.616Z] 22 2
[2024-08-08T09:27:17.694Z] 22 2
[2024-08-08T09:27:17.771Z] 22 2
[2024-08-08T09:27:17.830Z] 22 2
[2024-08-08T09:27:17.909Z] 22 2
[2024-08-08T09:27:17.986Z] 22 2
[2024-08-08T09:27:18.055Z] 22 2
[2024-08-08T09:27:18.103Z] 22 2
[2024-08-08T09:27:18.154Z] 22 2
[2024-08-08T09:27:18.209Z] 22 2
[2024-08-08T09:27:18.269Z] 22 2
[2024-08-08T09:27:18.333Z] 22 2
[2024-08-08T09:27:18.393Z] 22 2
[2024-08-08T09:27:18.456Z] 22 2
[2024-08-08T09:27:18.514Z] 22 2
[2024-08-08T09:27:18.574Z] 22 2
[2024-08-08T09:27:18.635Z] 22 2
[2024-08-08T09:27:18.694Z] 22 2
[2024-08-08T09:27:18.754Z] 22 2
[2024-08-08T09:27:18.828Z] 22 2
[2024-08-08T09:27:18.900Z] 22 2
[2024-08-08T09:27:18.952Z] 22 2
[2024-08-08T09:27:19.008Z] 22 2
[2024-08-08T09:27:19.061Z] 22 2
[2024-08-08T09:27:19.111Z] 22 2
[2024-08-08T09:27:19.168Z] 22 2
[2024-08-08T09:27:19.261Z] 22 2
[2024-08-08T09:27:19.343Z] 22 2
[2024-08-08T09:27:19.394Z] 22 2
[2024-08-08T09:27:19.444Z] 22 2
[2024-08-08T09:27:19.499Z] 22 2
[2024-08-08T09:27:19.550Z] 22 2
[2024-08-08T09:27:19.604Z] 22 2
[2024-08-08T09:27:19.665Z] 22 2
[2024-08-08T09:27:19.728Z] 22 2
[2024-08-08T09:27:19.804Z] 22 2
[2024-08-08T09:27:19.860Z] 22 2
[2024-08-08T09:27:19.921Z] 22 2
[2024-08-08T09:27:19.980Z] 22 2
[2024-08-08T09:27:20.051Z] 22 2
[2024-08-08T09:27:20.117Z] 22 2
[2024-08-08T09:27:20.181Z] 22 2
[2024-08-08T09:27:20.250Z] 22 2
[2024-08-08T09:27:20.319Z] 22 2
[2024-08-08T09:27:20.416Z] 22 2
[2024-08-08T09:27:20.468Z] 22 2
[2024-08-08T09:27:20.530Z] 22 2
[2024-08-08T09:27:20.609Z] 22 2
[2024-08-08T09:27:20.694Z] 22 2
[2024-08-08T09:27:20.770Z] 22 2
[2024-08-08T09:27:20.850Z] 22 2
[2024-08-08T09:27:20.937Z] 22 2
[2024-08-08T09:27:21.032Z] 22 2
[2024-08-08T09:27:21.114Z] 22 2
[2024-08-08T09:27:21.184Z] 22 2
[2024-08-08T09:27:21.247Z] 22 2
[2024-08-08T09:27:21.315Z] 22 2
[2024-08-08T09:27:21.404Z] 22 2
[2024-08-08T09:27:21.486Z] 22 2
[2024-08-08T09:27:21.564Z] 22 2
[2024-08-08T09:27:21.641Z] 22 2
[2024-08-08T09:27:21.712Z] 22 2
[2024-08-08T09:27:21.781Z] 22 2
[2024-08-08T09:27:21.857Z] 22 2
[2024-08-08T09:27:21.923Z] 22 2
[2024-08-08T09:27:21.983Z] 22 2
[2024-08-08T09:27:22.040Z] 22 2
[2024-08-08T09:27:22.103Z] 22 2
[2024-08-08T09:27:22.174Z] 22 2
[2024-08-08T09:27:22.241Z] 22 2
[2024-08-08T09:27:22.309Z] 22 2
[2024-08-08T09:27:22.373Z] 22 2
[2024-08-08T09:27:22.474Z] 22 2
[2024-08-08T09:27:22.824Z] 22 2
[2024-08-08T09:27:22.888Z] 22 2
[2024-08-08T09:27:22.953Z] 22 2
[2024-08-08T09:27:23.014Z] 22 2
[2024-08-08T09:27:23.094Z] 22 2
[2024-08-08T09:27:23.165Z] 22 2
[2024-08-08T09:27:23.248Z] 22 2
[2024-08-08T09:27:23.310Z] 22 2
[2024-08-08T09:27:23.358Z] 22 2
[2024-08-08T09:27:23.414Z] 22 2
[2024-08-08T09:27:23.473Z] 22 2
[2024-08-08T09:27:23.535Z] 22 2
[2024-08-08T09:27:23.595Z] 22 2
[2024-08-08T09:27:23.695Z] 22 2
[2024-08-08T09:27:23.746Z] 22 2
[2024-08-08T09:27:23.803Z] 22 2
[2024-08-08T09:27:23.850Z] 22 2
[2024-08-08T09:27:23.905Z] 22 2
[2024-08-08T09:27:23.989Z] 22 2
[2024-08-08T09:27:24.077Z] 22 2
[2024-08-08T09:27:24.137Z] 22 2
[2024-08-08T09:27:24.186Z] 22 2
[2024-08-08T09:27:24.243Z] 22 2
[2024-08-08T09:27:24.295Z] 22 2
[2024-08-08T09:27:24.348Z] 22 2
[2024-08-08T09:27:24.421Z] 22 2
[2024-08-08T09:27:24.493Z] 22 2
[2024-08-08T09:27:24.559Z] 22 2
[2024-08-08T09:27:24.612Z] 22 2
[2024-08-08T09:27:24.656Z] 22 2
[2024-08-08T09:27:24.701Z] 22 2
[2024-08-08T09:27:24.742Z] 22 2
[2024-08-08T09:27:24.785Z] 22 2
[2024-08-08T09:27:24.841Z] 22 2
[2024-08-08T09:27:24.905Z] 22 2
[2024-08-08T09:27:24.964Z] 22 2
[2024-08-08T09:27:25.026Z] 22 2
[2024-08-08T09:27:25.113Z] 22 2
[2024-08-08T09:27:25.198Z] 22 2
[2024-08-08T09:27:25.244Z] 22 2
[2024-08-08T09:27:25.293Z] 22 2
[2024-08-08T09:27:25.384Z] 22 2
[2024-08-08T09:27:25.466Z] 22 2
[2024-08-08T09:27:25.558Z] 22 2
[2024-08-08T09:27:25.627Z] 22 2
[2024-08-08T09:27:25.722Z] 22 2
[2024-08-08T09:27:25.807Z] 22 2
[2024-08-08T09:27:25.852Z] 22 2
[2024-08-08T09:27:25.899Z] 22 2
[2024-08-08T09:27:25.945Z] 22 2
[2024-08-08T09:27:26.007Z] 22 2
[2024-08-08T09:27:26.067Z] 22 2
[2024-08-08T09:27:26.133Z] 22 2
[2024-08-08T09:27:26.215Z] 22 2
[2024-08-08T09:27:26.305Z] 22 2
[2024-08-08T09:27:26.382Z] 22 2
[2024-08-08T09:27:26.451Z] 22 2
[2024-08-08T09:27:26.512Z] 22 2
[2024-08-08T09:27:26.574Z] 22 2
[2024-08-08T09:27:26.648Z] 22 2
[2024-08-08T09:27:26.722Z] 22 2
[2024-08-08T09:27:26.808Z] 22 2
[2024-08-08T09:27:26.886Z] 22 2
[2024-08-08T09:27:26.961Z] 22 2
[2024-08-08T09:27:27.030Z] 22 2
[2024-08-08T09:27:27.097Z] 22 2
[2024-08-08T09:27:27.161Z] 22 2
[2024-08-08T09:27:27.229Z] 22 2
[2024-08-08T09:27:27.293Z] 22 2
[2024-08-08T09:27:27.385Z] 22 2
[2024-08-08T09:27:27.449Z] 22 2
[2024-08-08T09:27:27.494Z] 22 2
[2024-08-08T09:27:27.536Z] 22 2
[2024-08-08T09:27:27.583Z] 22 2
[2024-08-08T09:27:27.636Z] 22 2
[2024-08-08T09:27:27.727Z] 22 2
[2024-08-08T09:27:27.883Z] 22 2
[2024-08-08T09:27:27.964Z] 22 2
[2024-08-08T09:27:28.017Z] 22 2
[2024-08-08T09:27:28.070Z] 22 2
[2024-08-08T09:27:28.140Z] 22 2
[2024-08-08T09:27:28.273Z] 22 2
[2024-08-08T09:27:28.387Z] 22 2
[2024-08-08T09:27:28.435Z] 22 2
[2024-08-08T09:27:28.481Z] 22 2
[2024-08-08T09:27:28.527Z] 22 2
[2024-08-08T09:27:28.577Z] 22 2
[2024-08-08T09:27:28.640Z] 22 2
[2024-08-08T09:27:28.755Z] 22 2
[2024-08-08T09:27:28.846Z] 22 2
[2024-08-08T09:27:28.919Z] 22 2
[2024-08-08T09:27:28.978Z] 22 2
[2024-08-08T09:27:29.034Z] 22 2
[2024-08-08T09:27:29.081Z] 22 2
[2024-08-08T09:27:29.132Z] 22 2
[2024-08-08T09:27:29.184Z] 22 2
[2024-08-08T09:27:29.197Z] 22 2
[2024-08-08T09:27:29.209Z] 22 2
[2024-08-08T09:27:29.231Z] 22 2
[2024-08-08T09:27:29.245Z] 22 2
[2024-08-08T09:27:29.254Z] 22 2
[2024-08-08T09:27:29.279Z] 22 2
[2024-08-08T09:27:29.294Z] 22 2
[2024-08-08T09:27:29.302Z] 22 2
[2024-08-08T09:27:29.350Z] 22 2
[2024-08-08T09:27:29.353Z] 22 2
[2024-08-08T09:27:29.369Z] 22 2
[2024-08-08T09:27:29.412Z] 22 2
[2024-08-08T09:27:29.424Z] 22 2
[2024-08-08T09:27:29.549Z] 22 2
[2024-08-08T09:27:29.588Z] 22 2
[2024-08-08T09:27:29.612Z] 22 2
[2024-08-08T09:27:29.622Z] 22 2
[2024-08-08T09:27:29.645Z] 22 2
[2024-08-08T09:27:29.664Z] 22 2
[2024-08-08T09:27:29.680Z] 22 2
[2024-08-08T09:27:29.695Z] 22 2
[2024-08-08T09:27:29.723Z] 22 2
[2024-08-08T09:27:29.748Z] 22 2
[2024-08-08T09:27:29.769Z] 22 2
[2024-08-08T09:27:29.796Z] 22 2
[2024-08-08T09:27:29.816Z] 22 2
[2024-08-08T09:27:29.836Z] 22 2
[2024-08-08T09:27:29.881Z] 22 2
[2024-08-08T09:27:29.898Z] 22 2
[2024-08-08T09:27:29.917Z] 22 2
[2024-08-08T09:27:29.928Z] 22 2
[2024-08-08T09:27:29.955Z] 22 2
[2024-08-08T09:27:29.981Z] 22 2
[2024-08-08T09:27:30.016Z] 22 2
[2024-08-08T09:27:30.042Z] 22 2
[2024-08-08T09:27:30.058Z] 22 2
[2024-08-08T09:27:30.070Z] 22 2
[2024-08-08T09:27:30.088Z] 22 2
[2024-08-08T09:27:30.109Z] 22 2
[2024-08-08T09:27:30.137Z] 22 2
[2024-08-08T09:27:30.171Z] 22 2
[2024-08-08T09:27:30.177Z] 22 2
[2024-08-08T09:27:30.196Z] 22 2
[2024-08-08T09:27:30.218Z] 22 2
[2024-08-08T09:27:30.235Z] 22 2
[2024-08-08T09:27:30.259Z] 22 2
[2024-08-08T09:27:30.267Z] 22 2
[2024-08-08T09:27:30.289Z] 22 2
[2024-08-08T09:27:30.306Z] 22 2
[2024-08-08T09:27:30.327Z] 22 2
[2024-08-08T09:27:30.348Z] 22 2
[2024-08-08T09:27:30.355Z] 22 2
[2024-08-08T09:27:30.371Z] 22 2
[2024-08-08T09:27:30.391Z] 22 2
[2024-08-08T09:27:30.403Z] 22 2
[2024-08-08T09:27:30.431Z] 22 2
[2024-08-08T09:27:30.442Z] 22 2
[2024-08-08T09:27:30.456Z] 22 2
[2024-08-08T09:27:30.477Z] 22 2
[2024-08-08T09:27:30.492Z] 22 2
[2024-08-08T09:27:30.519Z] 22 2
[2024-08-08T09:27:30.541Z] 22 2
[2024-08-08T09:27:30.559Z] 22 2
[2024-08-08T09:27:30.571Z] 22 2
[2024-08-08T09:27:30.592Z] 22 2
[2024-08-08T09:27:30.620Z] 22 2
[2024-08-08T09:27:30.650Z] 22 2
[2024-08-08T09:27:30.668Z] 22 2
[2024-08-08T09:28:33.524Z] 22 null
[2024-08-08T09:28:33.749Z] 22 2
[2024-08-08T09:28:34.476Z] 22 null
[2024-08-08T09:28:34.597Z] 22 2
[2024-08-08T09:30:36.519Z] 22 2
[2024-08-08T09:30:36.631Z] 22 2
[2024-08-08T09:30:53.432Z] 22 2
[2024-08-08T09:30:53.570Z] 22 2
[2024-08-08T09:34:39.079Z] app listening at http://localhost:8000
[2024-08-08T09:34:39.411Z] Connection has been established successfully.
[2024-08-08T09:34:48.002Z] 22 null
[2024-08-08T09:34:48.131Z] 22 2
[2024-08-08T09:34:50.654Z] 22 23
[2024-08-08T09:46:59.063Z] app listening at http://localhost:8000
[2024-08-08T09:46:59.315Z] Connection has been established successfully.
[2024-08-08T09:47:17.360Z] 22 null
[2024-08-08T09:47:17.595Z] 22 2
[2024-08-08T09:47:20.005Z] 22 22
[2024-08-08T09:50:08.445Z] 22 22
[2024-08-08T09:50:08.714Z] 22 2
[2024-08-08T09:50:55.765Z] 22 2
[2024-08-08T09:51:02.144Z] 22 null
[2024-08-08T09:51:02.231Z] 22 2
[2024-08-08T09:51:49.810Z] 22 2
[2024-08-08T09:52:59.781Z] 22 2
[2024-08-08T09:53:21.891Z] 22 2
[2024-08-08T09:55:08.057Z] 22 2
[2024-08-08T09:55:23.940Z] 22 2
[2024-08-08T09:58:13.758Z] 22 null
[2024-08-08T09:58:14.113Z] 22 2
[2024-08-08T09:58:17.370Z] 22 5
[2024-08-08T09:58:19.601Z] 22 23
[2024-08-08T09:58:42.063Z] 22 null
[2024-08-08T09:58:42.285Z] 22 2
[2024-08-08T10:04:08.788Z] 22 null
[2024-08-08T10:04:09.026Z] 22 2
[2024-08-08T10:04:29.842Z] 22 null
[2024-08-08T10:04:30.159Z] 22 2
[2024-08-08T10:09:07.666Z] 22 2
[2024-08-08T10:10:13.169Z] 22 2
[2024-08-08T10:10:53.731Z] 22 2
[2024-08-08T10:11:00.706Z] 22 2
[2024-08-08T10:12:55.667Z] 22 2
[2024-08-08T10:13:00.893Z] 22 2
[2024-08-08T10:13:39.732Z] 22 2
[2024-08-08T10:13:42.759Z] 22 2
[2024-08-08T10:13:53.886Z] 22 2
[2024-08-08T10:14:02.957Z] 22 2
[2024-08-08T10:14:07.242Z] 22 2
[2024-08-08T10:14:09.879Z] 22 2
[2024-08-08T10:14:25.231Z] 22 2
[2024-08-08T10:14:46.420Z] 22 2
[2024-08-08T10:14:50.725Z] 22 2
[2024-08-08T10:14:58.526Z] 22 2
[2024-08-08T10:15:17.933Z] 22 null
[2024-08-08T10:15:18.055Z] 22 2
[2024-08-08T10:15:44.686Z] 22 2
[2024-08-08T10:18:09.618Z] 22 null
[2024-08-08T10:18:10.038Z] 22 2
[2024-08-08T10:20:21.649Z] 22 null
[2024-08-08T10:20:21.831Z] 22 2
[2024-08-08T10:28:30.587Z] 22 2
[2024-08-08T10:28:36.485Z] 22 2
[2024-08-08T10:28:47.698Z] 22 2
[2024-08-08T10:28:57.182Z] 22 2
[2024-08-08T10:29:23.092Z] 22 2
[2024-08-08T10:29:31.450Z] 22 2
[2024-08-08T10:29:48.436Z] 22 2
[2024-08-08T10:29:57.179Z] 22 2
[2024-08-08T10:30:22.356Z] 22 2
[2024-08-08T10:31:00.291Z] 22 2
[2024-08-08T10:31:08.063Z] 22 2
[2024-08-08T10:31:17.962Z] 22 2
[2024-08-08T10:31:49.598Z] 22 2
[2024-08-08T10:33:33.868Z] 22 23
[2024-08-08T10:34:58.751Z] 22 null
[2024-08-08T10:34:59.001Z] 22 2
[2024-08-08T10:35:15.394Z] 22 null
[2024-08-08T10:35:15.808Z] 22 2
[2024-08-08T10:36:36.338Z] 22 23
[2024-08-08T10:36:45.131Z] 22 null
[2024-08-08T10:36:45.219Z] 22 2
[2024-08-08T10:39:10.848Z] 22 17
[2024-08-08T10:39:12.275Z] 22 22
[2024-08-08T10:39:30.398Z] 22 22
[2024-08-08T10:39:30.540Z] 22 2
[2024-08-08T10:39:50.445Z] 22 2
[2024-08-08T10:39:52.763Z] 22 17
[2024-08-08T10:39:53.961Z] 22 22
[2024-08-08T10:39:54.884Z] 22 23
[2024-08-08T10:39:56.604Z] 22 24
[2024-08-08T10:39:57.886Z] 22 23
[2024-08-08T10:39:58.777Z] 22 24
[2024-08-08T10:40:01.456Z] 22 2
[2024-08-08T10:40:03.153Z] 22 7
[2024-08-08T10:40:04.052Z] 22 2
[2024-08-08T10:40:10.646Z] 22 22
[2024-08-08T10:40:16.664Z] 22 23
[2024-08-08T10:40:21.514Z] 22 24
[2024-08-08T10:40:28.259Z] 22 24
[2024-08-08T10:41:41.341Z] 22 24
[2024-08-08T10:42:01.595Z] 22 null
[2024-08-08T10:42:01.690Z] 22 2
[2024-08-08T10:45:36.523Z] 22 2
[2024-08-08T10:45:58.714Z] 22 2
[2024-08-08T10:45:58.833Z] 22 2
[2024-08-08T10:46:03.223Z] 22 23
[2024-08-08T10:46:11.160Z] 22 null
[2024-08-08T10:46:11.358Z] 22 2
[2024-08-08T10:46:12.826Z] 22 23
[2024-08-08T10:47:28.504Z] 22 23
[2024-08-08T10:47:28.616Z] 22 23
[2024-08-08T10:47:28.680Z] 22 23
[2024-08-08T10:47:28.766Z] 22 2
[2024-08-08T10:47:28.808Z] 22 2
[2024-08-08T10:47:28.837Z] 22 2
[2024-08-08T10:47:28.859Z] 22 2
[2024-08-08T10:47:28.882Z] 22 2
[2024-08-08T10:47:28.905Z] 22 2
[2024-08-08T10:47:28.931Z] 22 2
[2024-08-08T10:47:28.959Z] 22 2
[2024-08-08T10:47:28.994Z] 22 2
[2024-08-08T10:47:29.036Z] 22 2
[2024-08-08T10:47:29.071Z] 22 2
[2024-08-08T10:47:29.118Z] 22 2
[2024-08-08T10:47:29.155Z] 22 2
[2024-08-08T10:47:29.190Z] 22 2
[2024-08-08T10:47:29.236Z] 22 2
[2024-08-08T10:47:29.324Z] 22 2
[2024-08-08T10:47:29.385Z] 22 2
[2024-08-08T10:47:29.408Z] 22 2
[2024-08-08T10:47:29.441Z] 22 2
[2024-08-08T10:47:29.461Z] 22 2
[2024-08-08T10:47:29.482Z] 22 2
[2024-08-08T10:47:29.510Z] 22 2
[2024-08-08T10:47:29.542Z] 22 2
[2024-08-08T10:47:29.570Z] 22 2
[2024-08-08T10:47:29.605Z] 22 2
[2024-08-08T10:47:29.634Z] 22 2
[2024-08-08T10:47:29.663Z] 22 2
[2024-08-08T10:47:29.695Z] 22 2
[2024-08-08T10:47:29.722Z] 22 2
[2024-08-08T10:47:29.762Z] 22 2
[2024-08-08T10:47:29.805Z] 22 2
[2024-08-08T10:47:29.840Z] 22 2
[2024-08-08T10:47:29.892Z] 22 2
[2024-08-08T10:47:29.946Z] 22 2
[2024-08-08T10:47:29.992Z] 22 2
[2024-08-08T10:47:30.033Z] 22 2
[2024-08-08T10:47:30.072Z] 22 2
[2024-08-08T10:47:30.117Z] 22 2
[2024-08-08T10:47:30.150Z] 22 2
[2024-08-08T10:47:30.186Z] 22 2
[2024-08-08T10:47:30.222Z] 22 2
[2024-08-08T10:47:30.260Z] 22 2
[2024-08-08T10:47:30.300Z] 22 2
[2024-08-08T10:47:30.354Z] 22 2
[2024-08-08T10:47:30.403Z] 22 2
[2024-08-08T10:47:30.465Z] 22 2
[2024-08-08T10:47:30.504Z] 22 2
[2024-08-08T10:47:30.542Z] 22 2
[2024-08-08T10:47:30.565Z] 22 2
[2024-08-08T10:47:30.584Z] 22 2
[2024-08-08T10:47:30.604Z] 22 2
[2024-08-08T10:47:30.623Z] 22 2
[2024-08-08T10:47:30.642Z] 22 2
[2024-08-08T10:47:30.668Z] 22 2
[2024-08-08T10:47:30.700Z] 22 2
[2024-08-08T10:47:30.733Z] 22 2
[2024-08-08T10:47:30.768Z] 22 2
[2024-08-08T10:47:30.799Z] 22 2
[2024-08-08T10:47:30.836Z] 22 2
[2024-08-08T10:47:30.874Z] 22 2
[2024-08-08T10:47:30.906Z] 22 2
[2024-08-08T10:47:30.945Z] 22 2
[2024-08-08T10:47:30.981Z] 22 2
[2024-08-08T10:47:31.014Z] 22 2
[2024-08-08T10:47:31.050Z] 22 2
[2024-08-08T10:47:31.084Z] 22 2
[2024-08-08T10:47:31.121Z] 22 2
[2024-08-08T10:47:31.173Z] 22 2
[2024-08-08T10:47:31.218Z] 22 2
[2024-08-08T10:47:31.266Z] 22 2
[2024-08-08T10:47:31.323Z] 22 2
[2024-08-08T10:47:31.371Z] 22 2
[2024-08-08T10:47:31.406Z] 22 2
[2024-08-08T10:47:31.444Z] 22 2
[2024-08-08T10:47:31.487Z] 22 2
[2024-08-08T10:47:31.535Z] 22 2
[2024-08-08T10:47:31.584Z] 22 2
[2024-08-08T10:47:31.635Z] 22 2
[2024-08-08T10:47:31.689Z] 22 2
[2024-08-08T10:47:31.744Z] 22 2
[2024-08-08T10:47:31.802Z] 22 2
[2024-08-08T10:47:31.870Z] 22 2
[2024-08-08T10:47:31.948Z] 22 2
[2024-08-08T10:47:32.014Z] 22 2
[2024-08-08T10:47:32.083Z] 22 2
[2024-08-08T10:47:32.149Z] 22 2
[2024-08-08T10:47:32.211Z] 22 2
[2024-08-08T10:47:32.274Z] 22 2
[2024-08-08T10:47:32.337Z] 22 2
[2024-08-08T10:47:32.388Z] 22 2
[2024-08-08T10:47:32.440Z] 22 2
[2024-08-08T10:47:32.502Z] 22 2
[2024-08-08T10:47:32.559Z] 22 2
[2024-08-08T10:47:32.612Z] 22 2
[2024-08-08T10:47:32.658Z] 22 2
[2024-08-08T10:47:32.697Z] 22 2
[2024-08-08T10:47:32.733Z] 22 2
[2024-08-08T10:47:32.780Z] 22 2
[2024-08-08T10:47:32.810Z] 22 2
[2024-08-08T10:47:32.840Z] 22 2
[2024-08-08T10:47:32.876Z] 22 2
[2024-08-08T10:47:32.916Z] 22 2
[2024-08-08T10:47:32.950Z] 22 2
[2024-08-08T10:47:32.981Z] 22 2
[2024-08-08T10:47:33.027Z] 22 2
[2024-08-08T10:47:33.076Z] 22 2
[2024-08-08T10:47:33.126Z] 22 2
[2024-08-08T10:47:33.166Z] 22 2
[2024-08-08T10:47:33.185Z] 22 2
[2024-08-08T10:47:33.204Z] 22 2
[2024-08-08T10:47:33.223Z] 22 2
[2024-08-08T10:47:33.242Z] 22 2
[2024-08-08T10:47:33.264Z] 22 2
[2024-08-08T10:47:33.283Z] 22 2
[2024-08-08T10:47:33.303Z] 22 2
[2024-08-08T10:47:33.327Z] 22 2
[2024-08-08T10:47:33.356Z] 22 2
[2024-08-08T10:47:33.397Z] 22 2
[2024-08-08T10:47:33.431Z] 22 2
[2024-08-08T10:47:33.466Z] 22 2
[2024-08-08T10:47:33.505Z] 22 2
[2024-08-08T10:47:33.772Z] 22 2
[2024-08-08T10:47:33.810Z] 22 2
[2024-08-08T10:47:33.851Z] 22 2
[2024-08-08T10:47:33.902Z] 22 2
[2024-08-08T10:47:33.951Z] 22 2
[2024-08-08T10:47:33.991Z] 22 2
[2024-08-08T10:47:34.027Z] 22 2
[2024-08-08T10:47:34.065Z] 22 2
[2024-08-08T10:47:34.098Z] 22 2
[2024-08-08T10:47:34.130Z] 22 2
[2024-08-08T10:47:34.166Z] 22 2
[2024-08-08T10:47:34.203Z] 22 2
[2024-08-08T10:47:34.249Z] 22 2
[2024-08-08T10:47:34.280Z] 22 2
[2024-08-08T10:47:34.317Z] 22 2
[2024-08-08T10:47:34.349Z] 22 2
[2024-08-08T10:47:34.389Z] 22 2
[2024-08-08T10:47:34.423Z] 22 2
[2024-08-08T10:47:34.455Z] 22 2
[2024-08-08T10:47:34.492Z] 22 2
[2024-08-08T10:47:34.559Z] 22 2
[2024-08-08T10:47:34.637Z] 22 2
[2024-08-08T10:47:34.681Z] 22 2
[2024-08-08T10:47:34.702Z] 22 2
[2024-08-08T10:47:34.725Z] 22 2
[2024-08-08T10:47:34.745Z] 22 2
[2024-08-08T10:47:34.766Z] 22 2
[2024-08-08T10:47:34.795Z] 22 2
[2024-08-08T10:47:34.814Z] 22 2
[2024-08-08T10:47:34.832Z] 22 2
[2024-08-08T10:47:34.853Z] 22 2
[2024-08-08T10:47:34.874Z] 22 2
[2024-08-08T10:47:34.901Z] 22 2
[2024-08-08T10:47:34.947Z] 22 2
[2024-08-08T10:47:34.974Z] 22 2
[2024-08-08T10:47:34.997Z] 22 2
[2024-08-08T10:47:35.026Z] 22 2
[2024-08-08T10:47:35.050Z] 22 2
[2024-08-08T10:47:35.069Z] 22 2
[2024-08-08T10:47:35.088Z] 22 2
[2024-08-08T10:47:35.107Z] 22 2
[2024-08-08T10:47:35.134Z] 22 2
[2024-08-08T10:47:35.162Z] 22 2
[2024-08-08T10:47:35.192Z] 22 2
[2024-08-08T10:47:35.222Z] 22 2
[2024-08-08T10:47:35.261Z] 22 2
[2024-08-08T10:47:35.309Z] 22 2
[2024-08-08T10:47:35.371Z] 22 2
[2024-08-08T10:47:35.446Z] 22 2
[2024-08-08T10:47:35.541Z] 22 2
[2024-08-08T10:47:35.570Z] 22 2
[2024-08-08T10:47:35.599Z] 22 2
[2024-08-08T10:47:35.618Z] 22 2
[2024-08-08T10:47:35.638Z] 22 2
[2024-08-08T10:47:35.656Z] 22 2
[2024-08-08T10:47:35.677Z] 22 2
[2024-08-08T10:47:35.695Z] 22 2
[2024-08-08T10:47:35.718Z] 22 2
[2024-08-08T10:47:35.739Z] 22 2
[2024-08-08T10:47:35.765Z] 22 2
[2024-08-08T10:47:35.790Z] 22 2
[2024-08-08T10:47:35.813Z] 22 2
[2024-08-08T10:47:35.842Z] 22 2
[2024-08-08T10:47:35.876Z] 22 2
[2024-08-08T10:47:35.914Z] 22 2
[2024-08-08T10:47:35.948Z] 22 2
[2024-08-08T10:47:35.983Z] 22 2
[2024-08-08T10:47:36.025Z] 22 2
[2024-08-08T10:47:36.067Z] 22 2
[2024-08-08T10:47:36.113Z] 22 2
[2024-08-08T10:47:36.166Z] 22 2
[2024-08-08T10:47:36.223Z] 22 2
[2024-08-08T10:47:36.275Z] 22 2
[2024-08-08T10:47:36.318Z] 22 2
[2024-08-08T10:47:36.361Z] 22 2
[2024-08-08T10:47:36.406Z] 22 2
[2024-08-08T10:47:36.448Z] 22 2
[2024-08-08T10:47:36.499Z] 22 2
[2024-08-08T10:47:36.538Z] 22 2
[2024-08-08T10:47:36.574Z] 22 2
[2024-08-08T10:47:36.614Z] 22 2
[2024-08-08T10:47:36.648Z] 22 2
[2024-08-08T10:47:36.694Z] 22 2
[2024-08-08T10:47:36.736Z] 22 2
[2024-08-08T10:47:36.802Z] 22 2
[2024-08-08T10:47:36.830Z] 22 2
[2024-08-08T10:47:36.856Z] 22 2
[2024-08-08T10:47:36.875Z] 22 2
[2024-08-08T10:47:36.895Z] 22 2
[2024-08-08T10:47:36.920Z] 22 2
[2024-08-08T10:47:36.944Z] 22 2
[2024-08-08T10:47:36.970Z] 22 2
[2024-08-08T10:47:37.220Z] 22 2
[2024-08-08T10:47:37.238Z] 22 2
[2024-08-08T10:47:37.257Z] 22 2
[2024-08-08T10:47:37.277Z] 22 2
[2024-08-08T10:47:37.332Z] 22 2
[2024-08-08T10:47:37.401Z] 22 2
[2024-08-08T10:47:37.499Z] 22 2
[2024-08-08T10:47:37.527Z] 22 2
[2024-08-08T10:47:37.552Z] 22 2
[2024-08-08T10:47:37.574Z] 22 2
[2024-08-08T10:47:37.596Z] 22 2
[2024-08-08T10:47:37.618Z] 22 2
[2024-08-08T10:47:37.640Z] 22 2
[2024-08-08T10:47:37.668Z] 22 2
[2024-08-08T10:47:37.698Z] 22 2
[2024-08-08T10:47:37.731Z] 22 2
[2024-08-08T10:47:37.767Z] 22 2
[2024-08-08T10:47:37.804Z] 22 2
[2024-08-08T10:47:37.849Z] 22 2
[2024-08-08T10:47:37.885Z] 22 2
[2024-08-08T10:47:37.921Z] 22 2
[2024-08-08T10:47:37.963Z] 22 2
[2024-08-08T10:47:38.007Z] 22 2
[2024-08-08T10:47:38.062Z] 22 2
[2024-08-08T10:47:38.109Z] 22 2
[2024-08-08T10:47:38.148Z] 22 2
[2024-08-08T10:47:38.189Z] 22 2
[2024-08-08T10:47:38.228Z] 22 2
[2024-08-08T10:47:38.272Z] 22 2
[2024-08-08T10:47:38.313Z] 22 2
[2024-08-08T10:47:38.359Z] 22 2
[2024-08-08T10:47:38.400Z] 22 2
[2024-08-08T10:47:38.445Z] 22 2
[2024-08-08T10:47:38.503Z] 22 2
[2024-08-08T10:47:38.548Z] 22 2
[2024-08-08T10:47:38.588Z] 22 2
[2024-08-08T10:47:38.631Z] 22 2
[2024-08-08T10:47:38.673Z] 22 2
[2024-08-08T10:47:38.705Z] 22 2
[2024-08-08T10:47:38.747Z] 22 2
[2024-08-08T10:47:38.780Z] 22 2
[2024-08-08T10:47:38.812Z] 22 2
[2024-08-08T10:47:38.851Z] 22 2
[2024-08-08T10:47:38.883Z] 22 2
[2024-08-08T10:47:38.915Z] 22 2
[2024-08-08T10:47:38.953Z] 22 2
[2024-08-08T10:47:38.993Z] 22 2
[2024-08-08T10:47:39.050Z] 22 2
[2024-08-08T10:47:39.090Z] 22 2
[2024-08-08T10:47:39.139Z] 22 2
[2024-08-08T10:47:39.189Z] 22 2
[2024-08-08T10:47:39.214Z] 22 2
[2024-08-08T10:47:39.234Z] 22 2
[2024-08-08T10:47:39.253Z] 22 2
[2024-08-08T10:47:39.272Z] 22 2
[2024-08-08T10:47:39.300Z] 22 2
[2024-08-08T10:47:39.318Z] 22 2
[2024-08-08T10:47:39.347Z] 22 2
[2024-08-08T10:47:39.383Z] 22 2
[2024-08-08T10:47:39.417Z] 22 2
[2024-08-08T10:47:39.451Z] 22 2
[2024-08-08T10:47:39.487Z] 22 2
[2024-08-08T10:47:39.524Z] 22 2
[2024-08-08T10:47:39.560Z] 22 2
[2024-08-08T10:47:39.606Z] 22 2
[2024-08-08T10:47:39.639Z] 22 2
[2024-08-08T10:47:39.670Z] 22 2
[2024-08-08T10:47:39.707Z] 22 2
[2024-08-08T10:47:39.766Z] 22 2
[2024-08-08T10:47:39.823Z] 22 2
[2024-08-08T10:47:39.856Z] 22 2
[2024-08-08T10:47:39.881Z] 22 2
[2024-08-08T10:47:39.905Z] 22 2
[2024-08-08T10:47:39.931Z] 22 2
[2024-08-08T10:47:39.955Z] 22 2
[2024-08-08T10:47:39.974Z] 22 2
[2024-08-08T10:47:39.998Z] 22 2
[2024-08-08T10:47:40.026Z] 22 2
[2024-08-08T10:47:40.057Z] 22 2
[2024-08-08T10:47:40.088Z] 22 2
[2024-08-08T10:47:40.119Z] 22 2
[2024-08-08T10:47:40.159Z] 22 2
[2024-08-08T10:47:40.186Z] 22 2
[2024-08-08T10:47:40.217Z] 22 2
[2024-08-08T10:47:40.256Z] 22 2
[2024-08-08T10:47:40.301Z] 22 2
[2024-08-08T10:47:40.328Z] 22 2
[2024-08-08T10:47:40.352Z] 22 2
[2024-08-08T10:47:40.373Z] 22 2
[2024-08-08T10:47:40.393Z] 22 2
[2024-08-08T10:47:40.413Z] 22 2
[2024-08-08T10:47:40.433Z] 22 2
[2024-08-08T10:47:40.455Z] 22 2
[2024-08-08T10:47:40.475Z] 22 2
[2024-08-08T10:47:40.494Z] 22 2
[2024-08-08T10:47:40.513Z] 22 2
[2024-08-08T10:47:40.534Z] 22 2
[2024-08-08T10:47:40.558Z] 22 2
[2024-08-08T10:47:40.577Z] 22 2
[2024-08-08T10:47:40.595Z] 22 2
[2024-08-08T10:47:40.618Z] 22 2
[2024-08-08T10:47:40.650Z] 22 2
[2024-08-08T10:47:40.686Z] 22 2
[2024-08-08T10:47:40.730Z] 22 2
[2024-08-08T10:47:40.778Z] 22 2
[2024-08-08T10:47:40.813Z] 22 2
[2024-08-08T10:47:40.860Z] 22 2
[2024-08-08T10:47:40.908Z] 22 2
[2024-08-08T10:47:40.939Z] 22 2
[2024-08-08T10:47:40.973Z] 22 2
[2024-08-08T10:47:41.008Z] 22 2
[2024-08-08T10:47:41.033Z] 22 2
[2024-08-08T10:47:41.067Z] 22 2
[2024-08-08T10:47:41.098Z] 22 2
[2024-08-08T10:47:41.124Z] 22 2
[2024-08-08T10:47:41.149Z] 22 2
[2024-08-08T10:47:41.168Z] 22 2
[2024-08-08T10:47:41.186Z] 22 2
[2024-08-08T10:47:41.204Z] 22 2
[2024-08-08T10:47:41.223Z] 22 2
[2024-08-08T10:47:41.243Z] 22 2
[2024-08-08T10:47:41.262Z] 22 2
[2024-08-08T10:47:41.290Z] 22 2
[2024-08-08T10:47:41.321Z] 22 2
[2024-08-08T10:47:41.351Z] 22 2
[2024-08-08T10:47:41.385Z] 22 2
[2024-08-08T10:47:41.419Z] 22 2
[2024-08-08T10:47:41.450Z] 22 2
[2024-08-08T10:47:41.481Z] 22 2
[2024-08-08T10:47:41.511Z] 22 2
[2024-08-08T10:47:41.540Z] 22 2
[2024-08-08T10:47:41.567Z] 22 2
[2024-08-08T10:47:41.600Z] 22 2
[2024-08-08T10:47:41.629Z] 22 2
[2024-08-08T10:47:41.659Z] 22 2
[2024-08-08T10:47:41.694Z] 22 2
[2024-08-08T10:47:41.729Z] 22 2
[2024-08-08T10:47:41.767Z] 22 2
[2024-08-08T10:47:41.802Z] 22 2
[2024-08-08T10:47:41.842Z] 22 2
[2024-08-08T10:47:41.884Z] 22 2
[2024-08-08T10:47:41.921Z] 22 2
[2024-08-08T10:47:41.955Z] 22 2
[2024-08-08T10:47:41.995Z] 22 2
[2024-08-08T10:47:42.033Z] 22 2
[2024-08-08T10:47:42.066Z] 22 2
[2024-08-08T10:47:42.096Z] 22 2
[2024-08-08T10:47:42.128Z] 22 2
[2024-08-08T10:47:42.160Z] 22 2
[2024-08-08T10:47:42.197Z] 22 2
[2024-08-08T10:47:42.229Z] 22 2
[2024-08-08T10:47:42.260Z] 22 2
[2024-08-08T10:47:42.291Z] 22 2
[2024-08-08T10:47:42.323Z] 22 2
[2024-08-08T10:47:42.354Z] 22 2
[2024-08-08T10:47:42.387Z] 22 2
[2024-08-08T10:47:42.421Z] 22 2
[2024-08-08T10:47:42.456Z] 22 2
[2024-08-08T10:47:42.497Z] 22 2
[2024-08-08T10:47:42.534Z] 22 2
[2024-08-08T10:47:42.575Z] 22 2
[2024-08-08T10:47:42.608Z] 22 2
[2024-08-08T10:47:42.645Z] 22 2
[2024-08-08T10:47:42.683Z] 22 2
[2024-08-08T10:47:42.719Z] 22 2
[2024-08-08T10:47:42.758Z] 22 2
[2024-08-08T10:47:42.798Z] 22 2
[2024-08-08T10:47:42.830Z] 22 2
[2024-08-08T10:47:42.862Z] 22 2
[2024-08-08T10:47:42.893Z] 22 2
[2024-08-08T10:47:42.929Z] 22 2
[2024-08-08T10:47:42.968Z] 22 2
[2024-08-08T10:47:43.006Z] 22 2
[2024-08-08T10:47:43.055Z] 22 2
[2024-08-08T10:47:43.101Z] 22 2
[2024-08-08T10:47:43.142Z] 22 2
[2024-08-08T10:47:43.189Z] 22 2
[2024-08-08T10:47:43.248Z] 22 2
[2024-08-08T10:47:43.308Z] 22 2
[2024-08-08T10:47:43.365Z] 22 2
[2024-08-08T10:47:43.402Z] 22 2
[2024-08-08T10:47:43.427Z] 22 2
[2024-08-08T10:47:43.450Z] 22 2
[2024-08-08T10:47:43.469Z] 22 2
[2024-08-08T10:47:43.487Z] 22 2
[2024-08-08T10:47:43.511Z] 22 2
[2024-08-08T10:47:43.551Z] 22 2
[2024-08-08T10:47:43.590Z] 22 2
[2024-08-08T10:47:43.632Z] 22 2
[2024-08-08T10:47:43.665Z] 22 2
[2024-08-08T10:47:43.702Z] 22 2
[2024-08-08T10:47:43.753Z] 22 2
[2024-08-08T10:47:43.786Z] 22 2
[2024-08-08T10:47:43.830Z] 22 2
[2024-08-08T10:47:43.863Z] 22 2
[2024-08-08T10:47:43.896Z] 22 2
[2024-08-08T10:47:43.929Z] 22 2
[2024-08-08T10:47:43.968Z] 22 2
[2024-08-08T10:47:43.998Z] 22 2
[2024-08-08T10:47:44.042Z] 22 2
[2024-08-08T10:47:44.084Z] 22 2
[2024-08-08T10:47:44.125Z] 22 2
[2024-08-08T10:47:44.158Z] 22 2
[2024-08-08T10:47:44.188Z] 22 2
[2024-08-08T10:47:44.217Z] 22 2
[2024-08-08T10:47:44.244Z] 22 2
[2024-08-08T10:47:44.272Z] 22 2
[2024-08-08T10:47:44.301Z] 22 2
[2024-08-08T10:47:44.331Z] 22 2
[2024-08-08T10:47:44.360Z] 22 2
[2024-08-08T10:47:44.391Z] 22 2
[2024-08-08T10:47:44.427Z] 22 2
[2024-08-08T10:47:44.455Z] 22 2
[2024-08-08T10:47:44.485Z] 22 2
[2024-08-08T10:47:44.517Z] 22 2
[2024-08-08T10:47:44.554Z] 22 2
[2024-08-08T10:47:44.593Z] 22 2
[2024-08-08T10:47:44.624Z] 22 2
[2024-08-08T10:47:44.658Z] 22 2
[2024-08-08T10:47:44.686Z] 22 2
[2024-08-08T10:47:44.714Z] 22 2
[2024-08-08T10:47:44.743Z] 22 2
[2024-08-08T10:47:44.772Z] 22 2
[2024-08-08T10:47:44.801Z] 22 2
[2024-08-08T10:47:44.829Z] 22 2
[2024-08-08T10:47:44.860Z] 22 2
[2024-08-08T10:47:44.889Z] 22 2
[2024-08-08T10:47:44.918Z] 22 2
[2024-08-08T10:47:44.945Z] 22 2
[2024-08-08T10:47:44.975Z] 22 2
[2024-08-08T10:47:45.011Z] 22 2
[2024-08-08T10:47:45.046Z] 22 2
[2024-08-08T10:47:45.076Z] 22 2
[2024-08-08T10:47:45.108Z] 22 2
[2024-08-08T10:47:45.137Z] 22 2
[2024-08-08T10:47:45.164Z] 22 2
[2024-08-08T10:47:45.192Z] 22 2
[2024-08-08T10:47:45.222Z] 22 2
[2024-08-08T10:47:45.254Z] 22 2
[2024-08-08T10:47:45.298Z] 22 2
[2024-08-08T10:47:45.340Z] 22 2
[2024-08-08T10:47:45.379Z] 22 2
[2024-08-08T10:47:45.423Z] 22 2
[2024-08-08T10:47:45.448Z] 22 2
[2024-08-08T10:47:45.474Z] 22 2
[2024-08-08T10:47:45.505Z] 22 2
[2024-08-08T10:47:45.535Z] 22 2
[2024-08-08T10:47:45.567Z] 22 2
[2024-08-08T10:47:45.604Z] 22 2
[2024-08-08T10:47:45.637Z] 22 2
[2024-08-08T10:47:45.669Z] 22 2
[2024-08-08T10:47:45.708Z] 22 2
[2024-08-08T10:47:45.751Z] 22 2
[2024-08-08T10:47:45.789Z] 22 2
[2024-08-08T10:47:45.824Z] 22 2
[2024-08-08T10:47:45.865Z] 22 2
[2024-08-08T10:47:45.910Z] 22 2
[2024-08-08T10:47:45.949Z] 22 2
[2024-08-08T10:47:45.978Z] 22 2
[2024-08-08T10:47:46.012Z] 22 2
[2024-08-08T10:47:46.049Z] 22 2
[2024-08-08T10:47:46.078Z] 22 2
[2024-08-08T10:47:46.111Z] 22 2
[2024-08-08T10:47:46.142Z] 22 2
[2024-08-08T10:47:46.170Z] 22 2
[2024-08-08T10:47:46.201Z] 22 2
[2024-08-08T10:47:46.233Z] 22 2
[2024-08-08T10:47:46.267Z] 22 2
[2024-08-08T10:47:46.297Z] 22 2
[2024-08-08T10:47:46.327Z] 22 2
[2024-08-08T10:47:46.358Z] 22 2
[2024-08-08T10:47:46.388Z] 22 2
[2024-08-08T10:47:46.418Z] 22 2
[2024-08-08T10:47:46.456Z] 22 2
[2024-08-08T10:47:46.487Z] 22 2
[2024-08-08T10:47:46.516Z] 22 2
[2024-08-08T10:47:46.545Z] 22 2
[2024-08-08T10:47:46.573Z] 22 2
[2024-08-08T10:47:46.603Z] 22 2
[2024-08-08T10:47:46.635Z] 22 2
[2024-08-08T10:47:46.663Z] 22 2
[2024-08-08T10:47:46.695Z] 22 2
[2024-08-08T10:47:46.727Z] 22 2
[2024-08-08T10:47:46.757Z] 22 2
[2024-08-08T10:47:46.786Z] 22 2
[2024-08-08T10:47:46.814Z] 22 2
[2024-08-08T10:47:46.846Z] 22 2
[2024-08-08T10:47:46.874Z] 22 2
[2024-08-08T10:47:46.910Z] 22 2
[2024-08-08T10:47:46.947Z] 22 2
[2024-08-08T10:47:46.990Z] 22 2
[2024-08-08T10:47:47.026Z] 22 2
[2024-08-08T10:47:47.059Z] 22 2
[2024-08-08T10:47:47.090Z] 22 2
[2024-08-08T10:47:47.117Z] 22 2
[2024-08-08T10:47:47.148Z] 22 2
[2024-08-08T10:47:47.179Z] 22 2
[2024-08-08T10:47:47.211Z] 22 2
[2024-08-08T10:47:47.245Z] 22 2
[2024-08-08T10:47:47.278Z] 22 2
[2024-08-08T10:47:47.315Z] 22 2
[2024-08-08T10:47:47.346Z] 22 2
[2024-08-08T10:47:47.384Z] 22 2
[2024-08-08T10:47:47.413Z] 22 2
[2024-08-08T10:47:47.442Z] 22 2
[2024-08-08T10:47:47.473Z] 22 2
[2024-08-08T10:47:47.505Z] 22 2
[2024-08-08T10:47:47.538Z] 22 2
[2024-08-08T10:47:47.570Z] 22 2
[2024-08-08T10:47:47.599Z] 22 2
[2024-08-08T10:47:47.633Z] 22 2
[2024-08-08T10:47:47.669Z] 22 2
[2024-08-08T10:47:47.704Z] 22 2
[2024-08-08T10:47:47.740Z] 22 2
[2024-08-08T10:47:47.777Z] 22 2
[2024-08-08T10:47:47.827Z] 22 2
[2024-08-08T10:47:47.871Z] 22 2
[2024-08-08T10:47:47.913Z] 22 2
[2024-08-08T10:47:47.962Z] 22 2
[2024-08-08T10:47:48.006Z] 22 2
[2024-08-08T10:47:48.052Z] 22 2
[2024-08-08T10:47:48.141Z] 22 2
[2024-08-08T10:47:48.193Z] 22 2
[2024-08-08T10:47:48.235Z] 22 2
[2024-08-08T10:47:48.281Z] 22 2
[2024-08-08T10:47:48.334Z] 22 2
[2024-08-08T10:47:48.380Z] 22 2
[2024-08-08T10:47:48.426Z] 22 2
[2024-08-08T10:47:48.496Z] 22 2
[2024-08-08T10:47:48.573Z] 22 2
[2024-08-08T10:47:48.637Z] 22 2
[2024-08-08T10:47:48.674Z] 22 2
[2024-08-08T10:47:48.765Z] 22 2
[2024-08-08T10:47:48.831Z] 22 2
[2024-08-08T10:47:48.936Z] 22 2
[2024-08-08T10:47:48.961Z] 22 2
[2024-08-08T10:47:48.981Z] 22 2
[2024-08-08T10:47:49.005Z] 22 2
[2024-08-08T10:47:49.026Z] 22 2
[2024-08-08T10:47:49.046Z] 22 2
[2024-08-08T10:47:49.069Z] 22 2
[2024-08-08T10:47:49.090Z] 22 2
[2024-08-08T10:47:49.110Z] 22 2
[2024-08-08T10:47:49.130Z] 22 2
[2024-08-08T10:47:49.151Z] 22 2
[2024-08-08T10:47:49.180Z] 22 2
[2024-08-08T10:47:49.202Z] 22 2
[2024-08-08T10:47:49.226Z] 22 2
[2024-08-08T10:47:49.250Z] 22 2
[2024-08-08T10:47:49.273Z] 22 2
[2024-08-08T10:47:49.295Z] 22 2
[2024-08-08T10:47:49.317Z] 22 2
[2024-08-08T10:47:49.336Z] 22 2
[2024-08-08T10:47:49.355Z] 22 2
[2024-08-08T10:47:49.377Z] 22 2
[2024-08-08T10:47:49.396Z] 22 2
[2024-08-08T10:47:49.414Z] 22 2
[2024-08-08T10:47:49.447Z] 22 2
[2024-08-08T10:47:49.466Z] 22 2
[2024-08-08T10:47:49.486Z] 22 2
[2024-08-08T10:47:49.507Z] 22 2
[2024-08-08T10:47:49.527Z] 22 2
[2024-08-08T10:47:49.548Z] 22 2
[2024-08-08T10:47:49.574Z] 22 2
[2024-08-08T10:47:49.593Z] 22 2
[2024-08-08T10:47:49.610Z] 22 2
[2024-08-08T10:47:49.630Z] 22 2
[2024-08-08T10:47:49.650Z] 22 2
[2024-08-08T10:47:49.674Z] 22 2
[2024-08-08T10:47:49.706Z] 22 2
[2024-08-08T10:47:49.737Z] 22 2
[2024-08-08T10:47:49.792Z] 22 2
[2024-08-08T10:47:49.850Z] 22 2
[2024-08-08T10:47:49.948Z] 22 2
[2024-08-08T10:47:49.999Z] 22 2
[2024-08-08T10:47:50.048Z] 22 2
[2024-08-08T10:47:50.090Z] 22 2
[2024-08-08T10:47:50.139Z] 22 2
[2024-08-08T10:47:50.186Z] 22 2
[2024-08-08T10:47:50.237Z] 22 2
[2024-08-08T10:47:50.281Z] 22 2
[2024-08-08T10:47:50.323Z] 22 2
[2024-08-08T10:47:50.358Z] 22 2
[2024-08-08T10:47:50.401Z] 22 2
[2024-08-08T10:47:50.439Z] 22 2
[2024-08-08T10:47:50.481Z] 22 2
[2024-08-08T10:47:50.517Z] 22 2
[2024-08-08T10:47:50.559Z] 22 2
[2024-08-08T10:47:50.605Z] 22 2
[2024-08-08T10:47:50.641Z] 22 2
[2024-08-08T10:47:50.673Z] 22 2
[2024-08-08T10:47:50.710Z] 22 2
[2024-08-08T10:47:50.747Z] 22 2
[2024-08-08T10:47:50.780Z] 22 2
[2024-08-08T10:47:50.812Z] 22 2
[2024-08-08T10:47:50.846Z] 22 2
[2024-08-08T10:47:50.880Z] 22 2
[2024-08-08T10:47:50.910Z] 22 2
[2024-08-08T10:47:50.940Z] 22 2
[2024-08-08T10:47:50.969Z] 22 2
[2024-08-08T10:47:51.003Z] 22 2
[2024-08-08T10:47:51.035Z] 22 2
[2024-08-08T10:47:51.067Z] 22 2
[2024-08-08T10:47:51.107Z] 22 2
[2024-08-08T10:47:51.140Z] 22 2
[2024-08-08T10:47:51.174Z] 22 2
[2024-08-08T10:47:51.206Z] 22 2
[2024-08-08T10:47:51.235Z] 22 2
[2024-08-08T10:47:51.272Z] 22 2
[2024-08-08T10:47:51.301Z] 22 2
[2024-08-08T10:47:51.332Z] 22 2
[2024-08-08T10:47:51.364Z] 22 2
[2024-08-08T10:47:51.396Z] 22 2
[2024-08-08T10:47:51.424Z] 22 2
[2024-08-08T10:47:51.455Z] 22 2
[2024-08-08T10:47:51.494Z] 22 2
[2024-08-08T10:47:51.528Z] 22 2
[2024-08-08T10:47:51.564Z] 22 2
[2024-08-08T10:47:51.597Z] 22 2
[2024-08-08T10:47:51.630Z] 22 2
[2024-08-08T10:47:51.665Z] 22 2
[2024-08-08T10:47:51.698Z] 22 2
[2024-08-08T10:47:51.727Z] 22 2
[2024-08-08T10:47:51.763Z] 22 2
[2024-08-08T10:47:51.798Z] 22 2
[2024-08-08T10:47:51.829Z] 22 2
[2024-08-08T10:47:51.859Z] 22 2
[2024-08-08T10:47:51.890Z] 22 2
[2024-08-08T10:47:51.920Z] 22 2
[2024-08-08T10:47:51.949Z] 22 2
[2024-08-08T10:47:51.986Z] 22 2
[2024-08-08T10:47:52.025Z] 22 2
[2024-08-08T10:47:52.067Z] 22 2
[2024-08-08T10:47:52.107Z] 22 2
[2024-08-08T10:47:52.146Z] 22 2
[2024-08-08T10:47:52.176Z] 22 2
[2024-08-08T10:47:52.205Z] 22 2
[2024-08-08T10:47:52.233Z] 22 2
[2024-08-08T10:47:52.264Z] 22 2
[2024-08-08T10:47:52.298Z] 22 2
[2024-08-08T10:47:52.335Z] 22 2
[2024-08-08T10:47:52.374Z] 22 2
[2024-08-08T10:47:52.411Z] 22 2
[2024-08-08T10:47:52.450Z] 22 2
[2024-08-08T10:47:52.491Z] 22 2
[2024-08-08T10:47:52.525Z] 22 2
[2024-08-08T10:47:52.560Z] 22 2
[2024-08-08T10:47:52.580Z] 22 2
[2024-08-08T10:47:52.598Z] 22 2
[2024-08-08T10:47:52.616Z] 22 2
[2024-08-08T10:47:52.636Z] 22 2
[2024-08-08T10:47:52.658Z] 22 2
[2024-08-08T10:47:52.683Z] 22 2
[2024-08-08T10:47:52.718Z] 22 2
[2024-08-08T10:47:52.758Z] 22 2
[2024-08-08T10:47:52.798Z] 22 2
[2024-08-08T10:47:52.832Z] 22 2
[2024-08-08T10:47:52.865Z] 22 2
[2024-08-08T10:47:52.896Z] 22 2
[2024-08-08T10:47:52.927Z] 22 2
[2024-08-08T10:47:52.961Z] 22 2
[2024-08-08T10:47:52.994Z] 22 2
[2024-08-08T10:47:53.027Z] 22 2
[2024-08-08T10:47:53.060Z] 22 2
[2024-08-08T10:47:53.092Z] 22 2
[2024-08-08T10:47:53.135Z] 22 2
[2024-08-08T10:47:53.168Z] 22 2
[2024-08-08T10:47:53.201Z] 22 2
[2024-08-08T10:47:53.235Z] 22 2
[2024-08-08T10:47:53.266Z] 22 2
[2024-08-08T10:47:53.298Z] 22 2
[2024-08-08T10:47:53.329Z] 22 2
[2024-08-08T10:47:53.361Z] 22 2
[2024-08-08T10:47:53.395Z] 22 2
[2024-08-08T10:47:53.425Z] 22 2
[2024-08-08T10:47:53.458Z] 22 2
[2024-08-08T10:47:53.494Z] 22 2
[2024-08-08T10:47:53.526Z] 22 2
[2024-08-08T10:47:53.557Z] 22 2
[2024-08-08T10:47:53.590Z] 22 2
[2024-08-08T10:47:53.622Z] 22 2
[2024-08-08T10:47:53.652Z] 22 2
[2024-08-08T10:47:53.681Z] 22 2
[2024-08-08T10:47:53.712Z] 22 2
[2024-08-08T10:47:53.745Z] 22 2
[2024-08-08T10:47:53.774Z] 22 2
[2024-08-08T10:47:53.802Z] 22 2
[2024-08-08T10:47:53.832Z] 22 2
[2024-08-08T10:47:53.863Z] 22 2
[2024-08-08T10:47:53.893Z] 22 2
[2024-08-08T10:47:53.930Z] 22 2
[2024-08-08T10:47:53.968Z] 22 2
[2024-08-08T10:47:54.003Z] 22 2
[2024-08-08T10:47:54.041Z] 22 2
[2024-08-08T10:47:54.071Z] 22 2
[2024-08-08T10:47:54.103Z] 22 2
[2024-08-08T10:47:54.366Z] 22 2
[2024-08-08T10:47:54.397Z] 22 2
[2024-08-08T10:47:54.431Z] 22 2
[2024-08-08T10:47:54.459Z] 22 2
[2024-08-08T10:47:54.486Z] 22 2
[2024-08-08T10:47:54.519Z] 22 2
[2024-08-08T10:47:54.553Z] 22 2
[2024-08-08T10:47:54.598Z] 22 2
[2024-08-08T10:47:54.643Z] 22 2
[2024-08-08T10:47:54.680Z] 22 2
[2024-08-08T10:47:54.715Z] 22 2
[2024-08-08T10:47:54.743Z] 22 2
[2024-08-08T10:47:54.762Z] 22 2
[2024-08-08T10:47:54.780Z] 22 2
[2024-08-08T10:47:54.798Z] 22 2
[2024-08-08T10:47:54.818Z] 22 2
[2024-08-08T10:47:54.839Z] 22 2
[2024-08-08T10:47:54.862Z] 22 2
[2024-08-08T10:47:54.891Z] 22 2
[2024-08-08T10:47:54.923Z] 22 2
[2024-08-08T10:47:54.950Z] 22 2
[2024-08-08T10:47:54.982Z] 22 2
[2024-08-08T10:47:55.017Z] 22 2
[2024-08-08T10:47:55.048Z] 22 2
[2024-08-08T10:47:55.083Z] 22 2
[2024-08-08T10:47:55.115Z] 22 2
[2024-08-08T10:47:55.150Z] 22 2
[2024-08-08T10:47:55.182Z] 22 2
[2024-08-08T10:47:55.216Z] 22 2
[2024-08-08T10:47:55.247Z] 22 2
[2024-08-08T10:47:55.280Z] 22 2
[2024-08-08T10:47:55.313Z] 22 2
[2024-08-08T10:47:55.346Z] 22 2
[2024-08-08T10:47:55.378Z] 22 2
[2024-08-08T10:47:55.412Z] 22 2
[2024-08-08T10:47:55.443Z] 22 2
[2024-08-08T10:47:55.473Z] 22 2
[2024-08-08T10:47:55.508Z] 22 2
[2024-08-08T10:47:55.543Z] 22 2
[2024-08-08T10:47:55.575Z] 22 2
[2024-08-08T10:47:55.621Z] 22 2
[2024-08-08T10:47:55.655Z] 22 2
[2024-08-08T10:47:55.688Z] 22 2
[2024-08-08T10:47:55.724Z] 22 2
[2024-08-08T10:47:55.760Z] 22 2
[2024-08-08T10:47:55.799Z] 22 2
[2024-08-08T10:47:55.830Z] 22 2
[2024-08-08T10:47:55.864Z] 22 2
[2024-08-08T10:47:55.902Z] 22 2
[2024-08-08T10:47:55.954Z] 22 2
[2024-08-08T10:47:55.992Z] 22 2
[2024-08-08T10:47:56.036Z] 22 2
[2024-08-08T10:47:56.081Z] 22 2
[2024-08-08T10:47:56.106Z] 22 2
[2024-08-08T10:47:56.127Z] 22 2
[2024-08-08T10:47:56.148Z] 22 2
[2024-08-08T10:47:56.169Z] 22 2
[2024-08-08T10:47:56.189Z] 22 2
[2024-08-08T10:47:56.209Z] 22 2
[2024-08-08T10:47:56.232Z] 22 2
[2024-08-08T10:47:56.251Z] 22 2
[2024-08-08T10:47:56.271Z] 22 2
[2024-08-08T10:47:56.294Z] 22 2
[2024-08-08T10:47:56.318Z] 22 2
[2024-08-08T10:47:56.336Z] 22 2
[2024-08-08T10:47:56.355Z] 22 2
[2024-08-08T10:47:56.384Z] 22 2
[2024-08-08T10:47:56.405Z] 22 2
[2024-08-08T10:47:56.425Z] 22 2
[2024-08-08T10:47:56.448Z] 22 2
[2024-08-08T10:47:56.467Z] 22 2
[2024-08-08T10:47:56.486Z] 22 2
[2024-08-08T10:47:56.503Z] 22 2
[2024-08-08T10:47:56.526Z] 22 2
[2024-08-08T10:47:56.561Z] 22 2
[2024-08-08T10:47:56.586Z] 22 2
[2024-08-08T10:47:56.620Z] 22 2
[2024-08-08T10:47:56.650Z] 22 2
[2024-08-08T10:47:56.678Z] 22 2
[2024-08-08T10:47:56.710Z] 22 2
[2024-08-08T10:47:56.733Z] 22 2
[2024-08-08T10:47:56.758Z] 22 2
[2024-08-08T10:47:56.786Z] 22 2
[2024-08-08T10:47:56.838Z] 22 2
[2024-08-08T10:47:56.892Z] 22 2
[2024-08-08T10:47:56.945Z] 22 2
[2024-08-08T10:47:56.991Z] 22 2
[2024-08-08T10:47:57.024Z] 22 2
[2024-08-08T10:47:57.046Z] 22 2
[2024-08-08T10:47:57.067Z] 22 2
[2024-08-08T10:47:57.087Z] 22 2
[2024-08-08T10:47:57.107Z] 22 2
[2024-08-08T10:47:57.128Z] 22 2
[2024-08-08T10:47:57.148Z] 22 2
[2024-08-08T10:47:57.180Z] 22 2
[2024-08-08T10:47:57.227Z] 22 2
[2024-08-08T10:47:57.270Z] 22 2
[2024-08-08T10:47:57.328Z] 22 2
[2024-08-08T10:47:57.374Z] 22 2
[2024-08-08T10:47:57.416Z] 22 2
[2024-08-08T10:47:57.456Z] 22 2
[2024-08-08T10:47:57.498Z] 22 2
[2024-08-08T10:47:57.537Z] 22 2
[2024-08-08T10:47:57.565Z] 22 2
[2024-08-08T10:47:57.589Z] 22 2
[2024-08-08T10:47:57.620Z] 22 2
[2024-08-08T10:47:57.662Z] 22 2
[2024-08-08T10:47:57.693Z] 22 2
[2024-08-08T10:47:57.720Z] 22 2
[2024-08-08T10:47:57.753Z] 22 2
[2024-08-08T10:47:57.783Z] 22 2
[2024-08-08T10:47:57.818Z] 22 2
[2024-08-08T10:47:57.848Z] 22 2
[2024-08-08T10:47:57.879Z] 22 2
[2024-08-08T10:47:57.912Z] 22 2
[2024-08-08T10:47:57.942Z] 22 2
[2024-08-08T10:47:57.973Z] 22 2
[2024-08-08T10:47:58.007Z] 22 2
[2024-08-08T10:47:58.038Z] 22 2
[2024-08-08T10:47:58.072Z] 22 2
[2024-08-08T10:47:58.100Z] 22 2
[2024-08-08T10:47:58.135Z] 22 2
[2024-08-08T10:47:58.170Z] 22 2
[2024-08-08T10:47:58.203Z] 22 2
[2024-08-08T10:47:58.235Z] 22 2
[2024-08-08T10:47:58.267Z] 22 2
[2024-08-08T10:47:58.302Z] 22 2
[2024-08-08T10:47:58.335Z] 22 2
[2024-08-08T10:47:58.405Z] 22 2
[2024-08-08T10:47:58.466Z] 22 2
[2024-08-08T10:47:58.501Z] 22 2
[2024-08-08T10:47:58.534Z] 22 2
[2024-08-08T10:47:58.569Z] 22 2
[2024-08-08T10:47:58.605Z] 22 2
[2024-08-08T10:47:58.640Z] 22 2
[2024-08-08T10:47:58.670Z] 22 2
[2024-08-08T10:47:58.697Z] 22 2
[2024-08-08T10:47:58.727Z] 22 2
[2024-08-08T10:47:58.762Z] 22 2
[2024-08-08T10:47:58.795Z] 22 2
[2024-08-08T10:47:58.829Z] 22 2
[2024-08-08T10:47:58.865Z] 22 2
[2024-08-08T10:47:58.899Z] 22 2
[2024-08-08T10:47:58.937Z] 22 2
[2024-08-08T10:47:58.969Z] 22 2
[2024-08-08T10:47:59.008Z] 22 2
[2024-08-08T10:47:59.045Z] 22 2
[2024-08-08T10:47:59.130Z] 22 2
[2024-08-08T10:47:59.157Z] 22 2
[2024-08-08T10:47:59.179Z] 22 2
[2024-08-08T10:47:59.198Z] 22 2
[2024-08-08T10:47:59.217Z] 22 2
[2024-08-08T10:47:59.244Z] 22 2
[2024-08-08T10:47:59.280Z] 22 2
[2024-08-08T10:47:59.314Z] 22 2
[2024-08-08T10:47:59.347Z] 22 2
[2024-08-08T10:47:59.386Z] 22 2
[2024-08-08T10:47:59.429Z] 22 2
[2024-08-08T10:47:59.466Z] 22 2
[2024-08-08T10:47:59.505Z] 22 2
[2024-08-08T10:47:59.549Z] 22 2
[2024-08-08T10:47:59.599Z] 22 2
[2024-08-08T10:47:59.634Z] 22 2
[2024-08-08T10:47:59.672Z] 22 2
[2024-08-08T10:47:59.706Z] 22 2
[2024-08-08T10:47:59.737Z] 22 2
[2024-08-08T10:47:59.772Z] 22 2
[2024-08-08T10:47:59.804Z] 22 2
[2024-08-08T10:47:59.845Z] 22 2
[2024-08-08T10:47:59.889Z] 22 2
[2024-08-08T10:48:00.179Z] 22 2
[2024-08-08T10:48:00.223Z] 22 2
[2024-08-08T10:48:00.266Z] 22 2
[2024-08-08T10:48:00.307Z] 22 2
[2024-08-08T10:48:00.348Z] 22 2
[2024-08-08T10:48:00.385Z] 22 2
[2024-08-08T10:48:00.431Z] 22 2
[2024-08-08T10:48:00.493Z] 22 2
[2024-08-08T10:48:00.537Z] 22 2
[2024-08-08T10:48:00.561Z] 22 2
[2024-08-08T10:48:00.584Z] 22 2
[2024-08-08T10:48:00.604Z] 22 2
[2024-08-08T10:48:00.624Z] 22 2
[2024-08-08T10:48:00.641Z] 22 2
[2024-08-08T10:48:00.659Z] 22 2
[2024-08-08T10:48:00.679Z] 22 2
[2024-08-08T10:48:00.701Z] 22 2
[2024-08-08T10:48:00.729Z] 22 2
[2024-08-08T10:48:00.765Z] 22 2
[2024-08-08T10:48:00.806Z] 22 2
[2024-08-08T10:48:00.841Z] 22 2
[2024-08-08T10:48:00.867Z] 22 2
[2024-08-08T10:48:00.916Z] 22 2
[2024-08-08T10:48:00.938Z] 22 2
[2024-08-08T10:48:00.974Z] 22 2
[2024-08-08T10:48:01.015Z] 22 2
[2024-08-08T10:51:07.731Z] 22 2
[2024-08-08T10:51:07.958Z] 22 2
[2024-08-08T10:51:18.727Z] 22 2
[2024-08-08T10:51:18.838Z] 22 2
[2024-08-08T10:54:45.758Z] 22 null
[2024-08-08T10:54:45.915Z] 22 2
[2024-08-08T10:54:49.063Z] 22 9
[2024-08-08T10:54:51.108Z] 22 5
[2024-08-08T10:54:56.621Z] 22 5
[2024-08-08T10:54:59.419Z] 22 10
[2024-08-08T10:55:03.498Z] 22 10
[2024-08-08T11:02:21.763Z] 22 null
[2024-08-08T11:02:21.932Z] 22 2
[2024-08-08T11:02:26.194Z] 22 22
[2024-08-08T11:02:27.094Z] 22 24
[2024-08-08T11:03:03.330Z] 22 2
[2024-08-08T11:03:05.741Z] 22 5
[2024-08-08T11:03:16.700Z] 22 6
[2024-08-08T11:03:42.434Z] 22 2
[2024-08-08T11:03:56.183Z] 22 null
[2024-08-08T11:03:56.832Z] 22 2
[2024-08-08T11:08:33.798Z] 22 2
[2024-08-08T11:08:34.013Z] 22 2
[2024-08-08T11:08:48.379Z] 22 3
[2024-08-08T11:08:49.903Z] 22 2
[2024-08-08T11:08:51.274Z] 22 3
[2024-08-08T11:08:52.503Z] 22 5
[2024-08-08T11:08:54.506Z] 22 6
[2024-08-08T11:08:55.469Z] 22 7
[2024-08-08T11:09:01.335Z] 22 8
[2024-08-08T11:09:02.458Z] 22 9
[2024-08-08T11:09:05.421Z] 22 10
[2024-08-08T11:09:06.298Z] 22 14
[2024-08-08T11:09:07.480Z] 22 17
[2024-08-08T11:09:24.199Z] 22 14
[2024-08-08T11:09:27.351Z] 22 22
[2024-08-08T11:09:28.924Z] 22 23
[2024-08-08T11:10:08.767Z] 22 17
[2024-08-08T11:10:21.042Z] 22 10
[2024-08-08T11:10:28.559Z] 22 23
[2024-08-08T11:10:31.260Z] 22 9
[2024-08-08T11:10:33.609Z] 22 10
[2024-08-08T11:10:35.690Z] 22 17
[2024-08-08T11:10:37.966Z] 22 14
[2024-08-08T11:13:13.597Z] 22 9
[2024-08-08T11:13:15.137Z] 22 10
[2024-08-08T11:13:33.834Z] 22 null
[2024-08-08T11:13:34.650Z] 22 2
[2024-08-08T11:13:37.415Z] 22 10
[2024-08-08T11:22:13.616Z] 22 10
[2024-08-08T11:22:13.714Z] 22 2
[2024-08-08T11:22:14.067Z] 22 2
[2024-08-08T11:22:14.122Z] 22 2
[2024-08-08T11:24:00.601Z] 22 null
[2024-08-08T11:24:05.986Z] SequelizeConnectionError: connect ETIMEDOUT
[2024-08-08T11:24:05.996Z] {
status: error,
message: connect ETIMEDOUT,
error: {
  name: SequelizeConnectionError,
  parent: {
    errorno: ETIMEDOUT,
    code: ETIMEDOUT,
    syscall: connect,
    fatal: true
    },
  original: {
    errorno: ETIMEDOUT,
    code: ETIMEDOUT,
    syscall: connect,
    fatal: true
    },
  statusCode: 500,
  status: error
  },
stack: SequelizeConnectionError: connect ETIMEDOUT
    at ConnectionManager.connect (/home/brijesh/Desktop/FitBit/Full stack Base Code/node-basecode/node_modules/sequelize/lib/dialects/mysql/connection-manager.js:102:17)
    at process.processTicksAndRejections (node:internal/process/task_queues:95:5)
    at async ConnectionManager._connect (/home/brijesh/Desktop/FitBit/Full stack Base Code/node-basecode/node_modules/sequelize/lib/dialects/abstract/connection-manager.js:222:24)
}
[2024-08-08T11:24:10.644Z] SequelizeConnectionError: connect ETIMEDOUT
[2024-08-08T11:24:10.658Z] {
status: error,
message: connect ETIMEDOUT,
error: {
  name: SequelizeConnectionError,
  parent: {
    errorno: ETIMEDOUT,
    code: ETIMEDOUT,
    syscall: connect,
    fatal: true
    },
  original: {
    errorno: ETIMEDOUT,
    code: ETIMEDOUT,
    syscall: connect,
    fatal: true
    },
  statusCode: 500,
  status: error
  },
stack: SequelizeConnectionError: connect ETIMEDOUT
    at ConnectionManager.connect (/home/brijesh/Desktop/FitBit/Full stack Base Code/node-basecode/node_modules/sequelize/lib/dialects/mysql/connection-manager.js:102:17)
    at process.processTicksAndRejections (node:internal/process/task_queues:95:5)
    at async ConnectionManager._connect (/home/brijesh/Desktop/FitBit/Full stack Base Code/node-basecode/node_modules/sequelize/lib/dialects/abstract/connection-manager.js:222:24)
}
[2024-08-08T11:24:14.613Z] SequelizeConnectionError: connect ETIMEDOUT
[2024-08-08T11:24:14.619Z] {
status: error,
message: connect ETIMEDOUT,
error: {
  name: SequelizeConnectionError,
  parent: {
    errorno: ETIMEDOUT,
    code: ETIMEDOUT,
    syscall: connect,
    fatal: true
    },
  original: {
    errorno: ETIMEDOUT,
    code: ETIMEDOUT,
    syscall: connect,
    fatal: true
    },
  statusCode: 500,
  status: error
  },
stack: SequelizeConnectionError: connect ETIMEDOUT
    at ConnectionManager.connect (/home/brijesh/Desktop/FitBit/Full stack Base Code/node-basecode/node_modules/sequelize/lib/dialects/mysql/connection-manager.js:102:17)
    at process.processTicksAndRejections (node:internal/process/task_queues:95:5)
    at async ConnectionManager._connect (/home/brijesh/Desktop/FitBit/Full stack Base Code/node-basecode/node_modules/sequelize/lib/dialects/abstract/connection-manager.js:222:24)
}
[2024-08-08T11:26:34.448Z] 22 null
[2024-08-08T11:26:34.658Z] 22 2
[2024-08-08T11:37:41.711Z] 22 null
[2024-08-08T11:37:41.910Z] 22 2
[2024-08-08T11:37:45.434Z] 22 23
[2024-08-08T11:43:28.619Z] 22 23
[2024-08-08T11:43:28.716Z] 22 2
[2024-08-08T11:43:28.997Z] 22 23
[2024-08-08T11:43:29.087Z] 22 2
[2024-08-08T11:43:29.226Z] 22 2
[2024-08-08T11:43:30.044Z] 22 2
[2024-08-08T11:43:34.715Z] 22 2
[2024-08-08T11:43:34.753Z] 22 2
[2024-08-08T11:43:34.787Z] 22 2
[2024-08-08T11:43:34.828Z] 22 2
[2024-08-08T11:44:18.841Z] 22 null
[2024-08-08T11:44:19.279Z] 22 2
[2024-08-08T11:46:12.769Z] 22 null
[2024-08-08T11:46:12.996Z] 22 null
[2024-08-08T11:46:13.016Z] 22 2
[2024-08-08T11:46:13.089Z] 22 2
[2024-08-08T11:47:12.978Z] 22 2
[2024-08-08T11:47:13.529Z] 22 2
[2024-08-08T11:47:13.736Z] 22 2
[2024-08-08T11:47:13.849Z] 22 2
[2024-08-08T11:47:41.849Z] 22 2
[2024-08-08T11:47:42.100Z] 22 2
[2024-08-08T11:47:42.188Z] 22 2
[2024-08-08T11:47:42.225Z] 22 2
[2024-08-08T11:49:25.388Z] 22 2
[2024-08-08T11:49:25.904Z] 22 2
[2024-08-08T11:49:25.952Z] 22 2
[2024-08-08T11:49:26.002Z] 22 2
[2024-08-08T11:49:39.709Z] 22 2
[2024-08-08T11:49:40.307Z] 22 2
[2024-08-08T11:49:40.423Z] 22 2
[2024-08-08T11:49:40.473Z] 22 2
[2024-08-08T11:53:47.849Z] 22 7
[2024-08-08T11:53:49.310Z] 22 10
[2024-08-08T11:53:59.331Z] 22 null
[2024-08-08T11:53:59.533Z] 22 2
[2024-08-08T12:00:53.263Z] 22 2
[2024-08-08T12:00:53.528Z] 22 2
[2024-08-08T12:00:53.738Z] 22 2
[2024-08-08T12:00:53.857Z] 22 2
[2024-08-08T12:01:15.630Z] 22 2
[2024-08-08T12:01:15.858Z] 22 2
[2024-08-08T12:01:15.952Z] 22 2
[2024-08-08T12:01:15.983Z] 22 2
[2024-08-08T12:02:14.530Z] 22 2
[2024-08-08T12:02:14.781Z] 22 2
[2024-08-08T12:02:14.857Z] 22 2
[2024-08-08T12:02:14.928Z] 22 2
[2024-08-08T12:05:33.778Z] 22 2
[2024-08-08T12:05:33.961Z] 22 2
[2024-08-08T12:05:34.110Z] 22 2
[2024-08-08T12:05:34.141Z] 22 2
